<?xml version="1.0" encoding="UTF-8" standalone="yes"?><!DOCTYPE report PUBLIC "-//JACOCO//DTD Report 1.1//EN" "report.dtd"><report name="JaCoCo Coverage Report"><sessioninfo id="8850e89fe505-f7017448" start="1654844220436" dump="1654844222052"/><sessioninfo id="8850e89fe505-baa81e95" start="1654844220209" dump="1654844222077"/><package name=""><class name="ExampleFuzzer" sourcefilename="ExampleFuzzer.java"><method name="&lt;init&gt;" desc="()V" line="4"><counter type="INSTRUCTION" missed="3" covered="0"/><counter type="LINE" missed="1" covered="0"/><counter type="COMPLEXITY" missed="1" covered="0"/><counter type="METHOD" missed="1" covered="0"/></method><method name="fuzzerTestOneInput" desc="([B)V" line="6"><counter type="INSTRUCTION" missed="0" covered="71"/><counter type="BRANCH" missed="0" covered="10"/><counter type="LINE" missed="0" covered="13"/><counter type="COMPLEXITY" missed="0" covered="6"/><counter type="METHOD" missed="0" covered="1"/></method><counter type="INSTRUCTION" missed="3" covered="71"/><counter type="BRANCH" missed="0" covered="10"/><counter type="LINE" missed="1" covered="13"/><counter type="COMPLEXITY" missed="1" covered="6"/><counter type="METHOD" missed="1" covered="1"/><counter type="CLASS" missed="0" covered="1"/></class><sourcefile name="ExampleFuzzer.java"><line nr="4" mi="3" ci="0" mb="0" cb="0"/><line nr="6" mi="0" ci="4" mb="0" cb="2"/><line nr="7" mi="0" ci="1" mb="0" cb="0"/><line nr="9" mi="0" ci="4" mb="0" cb="0"/><line nr="10" mi="0" ci="4" mb="0" cb="0"/><line nr="11" mi="0" ci="8" mb="0" cb="2"/><line nr="12" mi="0" ci="1" mb="0" cb="0"/><line nr="14" mi="0" ci="4" mb="0" cb="0"/><line nr="15" mi="0" ci="7" mb="0" cb="2"/><line nr="16" mi="0" ci="6" mb="0" cb="0"/><line nr="17" mi="0" ci="7" mb="0" cb="2"/><line nr="18" mi="0" ci="21" mb="0" cb="2"/><line nr="21" mi="0" ci="3" mb="0" cb="0"/><line nr="22" mi="0" ci="1" mb="0" cb="0"/><counter type="INSTRUCTION" missed="3" covered="71"/><counter type="BRANCH" missed="0" covered="10"/><counter type="LINE" missed="1" covered="13"/><counter type="COMPLEXITY" missed="1" covered="6"/><counter type="METHOD" missed="1" covered="1"/><counter type="CLASS" missed="0" covered="1"/></sourcefile><counter type="INSTRUCTION" missed="3" covered="71"/><counter type="BRANCH" missed="0" covered="10"/><counter type="LINE" missed="1" covered="13"/><counter type="COMPLEXITY" missed="1" covered="6"/><counter type="METHOD" missed="1" covered="1"/><counter type="CLASS" missed="0" covered="1"/></package><package name="javax/json/spi"><class name="javax/json/spi/JsonProvider" sourcefilename="JsonProvider.java"><method name="&lt;init&gt;" desc="()V" line="77"><counter type="INSTRUCTION" missed="0" covered="3"/><counter type="LINE" missed="0" covered="2"/><counter type="COMPLEXITY" missed="0" covered="1"/><counter type="METHOD" missed="0" covered="1"/></method><method name="provider" desc="()Ljavax/json/spi/JsonProvider;" line="90"><counter type="INSTRUCTION" missed="25" covered="16"/><counter type="BRANCH" missed="1" covered="1"/><counter type="LINE" missed="5" covered="5"/><counter type="COMPLEXITY" missed="1" covered="1"/><counter type="METHOD" missed="0" covered="1"/></method><method name="createObjectBuilder" desc="(Ljavax/json/JsonObject;)Ljavax/json/JsonObjectBuilder;" line="265"><counter type="INSTRUCTION" missed="4" covered="0"/><counter type="LINE" missed="1" covered="0"/><counter type="COMPLEXITY" missed="1" covered="0"/><counter type="METHOD" missed="1" covered="0"/></method><method name="createObjectBuilder" desc="(Ljava/util/Map;)Ljavax/json/JsonObjectBuilder;" line="281"><counter type="INSTRUCTION" missed="4" covered="0"/><counter type="LINE" missed="1" covered="0"/><counter type="COMPLEXITY" missed="1" covered="0"/><counter type="METHOD" missed="1" covered="0"/></method><method name="createArrayBuilder" desc="(Ljavax/json/JsonArray;)Ljavax/json/JsonArrayBuilder;" line="300"><counter type="INSTRUCTION" missed="4" covered="0"/><counter type="LINE" missed="1" covered="0"/><counter type="COMPLEXITY" missed="1" covered="0"/><counter type="METHOD" missed="1" covered="0"/></method><method name="createPointer" desc="(Ljava/lang/String;)Ljavax/json/JsonPointer;" line="319"><counter type="INSTRUCTION" missed="4" covered="0"/><counter type="LINE" missed="1" covered="0"/><counter type="COMPLEXITY" missed="1" covered="0"/><counter type="METHOD" missed="1" covered="0"/></method><method name="createPatchBuilder" desc="()Ljavax/json/JsonPatchBuilder;" line="330"><counter type="INSTRUCTION" missed="4" covered="0"/><counter type="LINE" missed="1" covered="0"/><counter type="COMPLEXITY" missed="1" covered="0"/><counter type="METHOD" missed="1" covered="0"/></method><method name="createPatchBuilder" desc="(Ljavax/json/JsonArray;)Ljavax/json/JsonPatchBuilder;" line="344"><counter type="INSTRUCTION" missed="4" covered="0"/><counter type="LINE" missed="1" covered="0"/><counter type="COMPLEXITY" missed="1" covered="0"/><counter type="METHOD" missed="1" covered="0"/></method><method name="createPatch" desc="(Ljavax/json/JsonArray;)Ljavax/json/JsonPatch;" line="357"><counter type="INSTRUCTION" missed="4" covered="0"/><counter type="LINE" missed="1" covered="0"/><counter type="COMPLEXITY" missed="1" covered="0"/><counter type="METHOD" missed="1" covered="0"/></method><method name="createDiff" desc="(Ljavax/json/JsonStructure;Ljavax/json/JsonStructure;)Ljavax/json/JsonPatch;" line="372"><counter type="INSTRUCTION" missed="4" covered="0"/><counter type="LINE" missed="1" covered="0"/><counter type="COMPLEXITY" missed="1" covered="0"/><counter type="METHOD" missed="1" covered="0"/></method><method name="createMergePatch" desc="(Ljavax/json/JsonValue;)Ljavax/json/JsonMergePatch;" line="385"><counter type="INSTRUCTION" missed="4" covered="0"/><counter type="LINE" missed="1" covered="0"/><counter type="COMPLEXITY" missed="1" covered="0"/><counter type="METHOD" missed="1" covered="0"/></method><method name="createMergeDiff" desc="(Ljavax/json/JsonValue;Ljavax/json/JsonValue;)Ljavax/json/JsonMergePatch;" line="400"><counter type="INSTRUCTION" missed="4" covered="0"/><counter type="LINE" missed="1" covered="0"/><counter type="COMPLEXITY" missed="1" covered="0"/><counter type="METHOD" missed="1" covered="0"/></method><method name="createArrayBuilder" desc="(Ljava/util/Collection;)Ljavax/json/JsonArrayBuilder;" line="416"><counter type="INSTRUCTION" missed="4" covered="0"/><counter type="LINE" missed="1" covered="0"/><counter type="COMPLEXITY" missed="1" covered="0"/><counter type="METHOD" missed="1" covered="0"/></method><method name="createValue" desc="(Ljava/lang/String;)Ljavax/json/JsonString;" line="442"><counter type="INSTRUCTION" missed="4" covered="0"/><counter type="LINE" missed="1" covered="0"/><counter type="COMPLEXITY" missed="1" covered="0"/><counter type="METHOD" missed="1" covered="0"/></method><method name="createValue" desc="(I)Ljavax/json/JsonNumber;" line="454"><counter type="INSTRUCTION" missed="4" covered="0"/><counter type="LINE" missed="1" covered="0"/><counter type="COMPLEXITY" missed="1" covered="0"/><counter type="METHOD" missed="1" covered="0"/></method><method name="createValue" desc="(J)Ljavax/json/JsonNumber;" line="466"><counter type="INSTRUCTION" missed="4" covered="0"/><counter type="LINE" missed="1" covered="0"/><counter type="COMPLEXITY" missed="1" covered="0"/><counter type="METHOD" missed="1" covered="0"/></method><method name="createValue" desc="(D)Ljavax/json/JsonNumber;" line="478"><counter type="INSTRUCTION" missed="4" covered="0"/><counter type="LINE" missed="1" covered="0"/><counter type="COMPLEXITY" missed="1" covered="0"/><counter type="METHOD" missed="1" covered="0"/></method><method name="createValue" desc="(Ljava/math/BigDecimal;)Ljavax/json/JsonNumber;" line="490"><counter type="INSTRUCTION" missed="4" covered="0"/><counter type="LINE" missed="1" covered="0"/><counter type="COMPLEXITY" missed="1" covered="0"/><counter type="METHOD" missed="1" covered="0"/></method><method name="createValue" desc="(Ljava/math/BigInteger;)Ljavax/json/JsonNumber;" line="502"><counter type="INSTRUCTION" missed="4" covered="0"/><counter type="LINE" missed="1" covered="0"/><counter type="COMPLEXITY" missed="1" covered="0"/><counter type="METHOD" missed="1" covered="0"/></method><counter type="INSTRUCTION" missed="93" covered="19"/><counter type="BRANCH" missed="1" covered="1"/><counter type="LINE" missed="22" covered="7"/><counter type="COMPLEXITY" missed="18" covered="2"/><counter type="METHOD" missed="17" covered="2"/><counter type="CLASS" missed="0" covered="1"/></class><sourcefile name="JsonProvider.java"><line nr="77" mi="0" ci="2" mb="0" cb="0"/><line nr="78" mi="0" ci="1" mb="0" cb="0"/><line nr="90" mi="0" ci="3" mb="0" cb="0"/><line nr="91" mi="0" ci="3" mb="0" cb="0"/><line nr="92" mi="0" ci="3" mb="1" cb="1"/><line nr="93" mi="4" ci="0" mb="0" cb="0"/><line nr="96" mi="0" ci="3" mb="0" cb="0"/><line nr="97" mi="0" ci="4" mb="0" cb="0"/><line nr="98" mi="1" ci="0" mb="0" cb="0"/><line nr="99" mi="6" ci="0" mb="0" cb="0"/><line nr="101" mi="1" ci="0" mb="0" cb="0"/><line nr="102" mi="13" ci="0" mb="0" cb="0"/><line nr="265" mi="4" ci="0" mb="0" cb="0"/><line nr="281" mi="4" ci="0" mb="0" cb="0"/><line nr="300" mi="4" ci="0" mb="0" cb="0"/><line nr="319" mi="4" ci="0" mb="0" cb="0"/><line nr="330" mi="4" ci="0" mb="0" cb="0"/><line nr="344" mi="4" ci="0" mb="0" cb="0"/><line nr="357" mi="4" ci="0" mb="0" cb="0"/><line nr="372" mi="4" ci="0" mb="0" cb="0"/><line nr="385" mi="4" ci="0" mb="0" cb="0"/><line nr="400" mi="4" ci="0" mb="0" cb="0"/><line nr="416" mi="4" ci="0" mb="0" cb="0"/><line nr="442" mi="4" ci="0" mb="0" cb="0"/><line nr="454" mi="4" ci="0" mb="0" cb="0"/><line nr="466" mi="4" ci="0" mb="0" cb="0"/><line nr="478" mi="4" ci="0" mb="0" cb="0"/><line nr="490" mi="4" ci="0" mb="0" cb="0"/><line nr="502" mi="4" ci="0" mb="0" cb="0"/><counter type="INSTRUCTION" missed="93" covered="19"/><counter type="BRANCH" missed="1" covered="1"/><counter type="LINE" missed="22" covered="7"/><counter type="COMPLEXITY" missed="18" covered="2"/><counter type="METHOD" missed="17" covered="2"/><counter type="CLASS" missed="0" covered="1"/></sourcefile><counter type="INSTRUCTION" missed="93" covered="19"/><counter type="BRANCH" missed="1" covered="1"/><counter type="LINE" missed="22" covered="7"/><counter type="COMPLEXITY" missed="18" covered="2"/><counter type="METHOD" missed="17" covered="2"/><counter type="CLASS" missed="0" covered="1"/></package><package name="org/glassfish/json/api"><class name="org/glassfish/json/api/BufferPool" sourcefilename="BufferPool.java"/><sourcefile name="BufferPool.java"/></package><package name="com/company"><class name="com/company/ComponentType" sourcefilename="ComponentType.java"><method name="&lt;init&gt;" desc="(Ljava/lang/String;II)V" line="13"><counter type="INSTRUCTION" missed="0" covered="8"/><counter type="LINE" missed="0" covered="3"/><counter type="COMPLEXITY" missed="0" covered="1"/><counter type="METHOD" missed="0" covered="1"/></method><method name="&lt;clinit&gt;" desc="()V" line="3"><counter type="INSTRUCTION" missed="0" covered="52"/><counter type="LINE" missed="0" covered="8"/><counter type="COMPLEXITY" missed="0" covered="1"/><counter type="METHOD" missed="0" covered="1"/></method><counter type="INSTRUCTION" missed="0" covered="60"/><counter type="LINE" missed="0" covered="11"/><counter type="COMPLEXITY" missed="0" covered="2"/><counter type="METHOD" missed="0" covered="2"/><counter type="CLASS" missed="0" covered="1"/></class><class name="com/company/UshortData" sourcefilename="UshortData.java"><method name="&lt;init&gt;" desc="(Lcom/company/Target;Ljava/util/List;)V" line="12"><counter type="INSTRUCTION" missed="0" covered="9"/><counter type="LINE" missed="0" covered="4"/><counter type="COMPLEXITY" missed="0" covered="1"/><counter type="METHOD" missed="0" covered="1"/></method><method name="getBYTES" desc="()I" line="18"><counter type="INSTRUCTION" missed="0" covered="2"/><counter type="LINE" missed="0" covered="1"/><counter type="COMPLEXITY" missed="0" covered="1"/><counter type="METHOD" missed="0" covered="1"/></method><method name="getComponentType" desc="()I" line="22"><counter type="INSTRUCTION" missed="0" covered="3"/><counter type="LINE" missed="0" covered="1"/><counter type="COMPLEXITY" missed="0" covered="1"/><counter type="METHOD" missed="0" covered="1"/></method><method name="count" desc="()I" line="26"><counter type="INSTRUCTION" missed="0" covered="4"/><counter type="LINE" missed="0" covered="1"/><counter type="COMPLEXITY" missed="0" covered="1"/><counter type="METHOD" missed="0" covered="1"/></method><method name="getMax" desc="()[F" line="30"><counter type="INSTRUCTION" missed="0" covered="15"/><counter type="LINE" missed="0" covered="1"/><counter type="COMPLEXITY" missed="0" covered="1"/><counter type="METHOD" missed="0" covered="1"/></method><method name="getMin" desc="()[F" line="34"><counter type="INSTRUCTION" missed="0" covered="15"/><counter type="LINE" missed="0" covered="1"/><counter type="COMPLEXITY" missed="0" covered="1"/><counter type="METHOD" missed="0" covered="1"/></method><method name="type" desc="()Ljava/lang/String;" line="38"><counter type="INSTRUCTION" missed="0" covered="3"/><counter type="LINE" missed="0" covered="1"/><counter type="COMPLEXITY" missed="0" covered="1"/><counter type="METHOD" missed="0" covered="1"/></method><method name="toBytes" desc="()[B" line="42"><counter type="INSTRUCTION" missed="0" covered="31"/><counter type="BRANCH" missed="0" covered="2"/><counter type="LINE" missed="0" covered="6"/><counter type="COMPLEXITY" missed="0" covered="2"/><counter type="METHOD" missed="0" covered="1"/></method><method name="target" desc="()Lcom/company/Target;" line="51"><counter type="INSTRUCTION" missed="0" covered="3"/><counter type="LINE" missed="0" covered="1"/><counter type="COMPLEXITY" missed="0" covered="1"/><counter type="METHOD" missed="0" covered="1"/></method><method name="data" desc="()Ljava/util/List;" line="55"><counter type="INSTRUCTION" missed="3" covered="0"/><counter type="LINE" missed="1" covered="0"/><counter type="COMPLEXITY" missed="1" covered="0"/><counter type="METHOD" missed="1" covered="0"/></method><method name="equals" desc="(Ljava/lang/Object;)Z" line="60"><counter type="INSTRUCTION" missed="33" covered="0"/><counter type="BRANCH" missed="10" covered="0"/><counter type="LINE" missed="5" covered="0"/><counter type="COMPLEXITY" missed="6" covered="0"/><counter type="METHOD" missed="1" covered="0"/></method><method name="hashCode" desc="()I" line="69"><counter type="INSTRUCTION" missed="14" covered="0"/><counter type="LINE" missed="1" covered="0"/><counter type="COMPLEXITY" missed="1" covered="0"/><counter type="METHOD" missed="1" covered="0"/></method><method name="toString" desc="()Ljava/lang/String;" line="74"><counter type="INSTRUCTION" missed="6" covered="0"/><counter type="LINE" missed="1" covered="0"/><counter type="COMPLEXITY" missed="1" covered="0"/><counter type="METHOD" missed="1" covered="0"/></method><counter type="INSTRUCTION" missed="56" covered="85"/><counter type="BRANCH" missed="10" covered="2"/><counter type="LINE" missed="8" covered="17"/><counter type="COMPLEXITY" missed="9" covered="10"/><counter type="METHOD" missed="4" covered="9"/><counter type="CLASS" missed="0" covered="1"/></class><class name="com/company/Point3D" sourcefilename="Point3D.java"><method name="&lt;init&gt;" desc="(III)V" line="10"><counter type="INSTRUCTION" missed="0" covered="12"/><counter type="LINE" missed="0" covered="5"/><counter type="COMPLEXITY" missed="0" covered="1"/><counter type="METHOD" missed="0" covered="1"/></method><method name="x" desc="()I" line="17"><counter type="INSTRUCTION" missed="0" covered="3"/><counter type="LINE" missed="0" covered="1"/><counter type="COMPLEXITY" missed="0" covered="1"/><counter type="METHOD" missed="0" covered="1"/></method><method name="y" desc="()I" line="21"><counter type="INSTRUCTION" missed="0" covered="3"/><counter type="LINE" missed="0" covered="1"/><counter type="COMPLEXITY" missed="0" covered="1"/><counter type="METHOD" missed="0" covered="1"/></method><method name="z" desc="()I" line="25"><counter type="INSTRUCTION" missed="0" covered="3"/><counter type="LINE" missed="0" covered="1"/><counter type="COMPLEXITY" missed="0" covered="1"/><counter type="METHOD" missed="0" covered="1"/></method><method name="equals" desc="(Ljava/lang/Object;)Z" line="30"><counter type="INSTRUCTION" missed="36" covered="0"/><counter type="BRANCH" missed="12" covered="0"/><counter type="LINE" missed="4" covered="0"/><counter type="COMPLEXITY" missed="7" covered="0"/><counter type="METHOD" missed="1" covered="0"/></method><method name="hashCode" desc="()I" line="40"><counter type="INSTRUCTION" missed="22" covered="0"/><counter type="LINE" missed="1" covered="0"/><counter type="COMPLEXITY" missed="1" covered="0"/><counter type="METHOD" missed="1" covered="0"/></method><method name="toString" desc="()Ljava/lang/String;" line="45"><counter type="INSTRUCTION" missed="8" covered="0"/><counter type="LINE" missed="1" covered="0"/><counter type="COMPLEXITY" missed="1" covered="0"/><counter type="METHOD" missed="1" covered="0"/></method><counter type="INSTRUCTION" missed="66" covered="21"/><counter type="BRANCH" missed="12" covered="0"/><counter type="LINE" missed="6" covered="8"/><counter type="COMPLEXITY" missed="9" covered="4"/><counter type="METHOD" missed="3" covered="4"/><counter type="CLASS" missed="0" covered="1"/></class><class name="com/company/Target" sourcefilename="Target.java"><method name="&lt;init&gt;" desc="(Ljava/lang/String;II)V" line="8"><counter type="INSTRUCTION" missed="0" covered="8"/><counter type="LINE" missed="0" covered="3"/><counter type="COMPLEXITY" missed="0" covered="1"/><counter type="METHOD" missed="0" covered="1"/></method><method name="&lt;clinit&gt;" desc="()V" line="3"><counter type="INSTRUCTION" missed="0" covered="17"/><counter type="LINE" missed="0" covered="3"/><counter type="COMPLEXITY" missed="0" covered="1"/><counter type="METHOD" missed="0" covered="1"/></method><counter type="INSTRUCTION" missed="0" covered="25"/><counter type="LINE" missed="0" covered="6"/><counter type="COMPLEXITY" missed="0" covered="2"/><counter type="METHOD" missed="0" covered="2"/><counter type="CLASS" missed="0" covered="1"/></class><class name="com/company/MeshData" sourcefilename="MeshData.java"/><class name="com/company/FloatVec3Data" sourcefilename="FloatVec3Data.java"><method name="&lt;init&gt;" desc="(Lcom/company/Target;Ljava/util/List;)V" line="14"><counter type="INSTRUCTION" missed="0" covered="9"/><counter type="LINE" missed="0" covered="4"/><counter type="COMPLEXITY" missed="0" covered="1"/><counter type="METHOD" missed="0" covered="1"/></method><method name="getBYTES" desc="()I" line="20"><counter type="INSTRUCTION" missed="0" covered="2"/><counter type="LINE" missed="0" covered="1"/><counter type="COMPLEXITY" missed="0" covered="1"/><counter type="METHOD" missed="0" covered="1"/></method><method name="getComponentType" desc="()I" line="24"><counter type="INSTRUCTION" missed="0" covered="3"/><counter type="LINE" missed="0" covered="1"/><counter type="COMPLEXITY" missed="0" covered="1"/><counter type="METHOD" missed="0" covered="1"/></method><method name="getMax" desc="()[F" line="28"><counter type="INSTRUCTION" missed="0" covered="59"/><counter type="BRANCH" missed="0" covered="2"/><counter type="LINE" missed="0" covered="10"/><counter type="COMPLEXITY" missed="0" covered="2"/><counter type="METHOD" missed="0" covered="1"/></method><method name="getMin" desc="()[F" line="41"><counter type="INSTRUCTION" missed="0" covered="59"/><counter type="BRANCH" missed="0" covered="2"/><counter type="LINE" missed="0" covered="10"/><counter type="COMPLEXITY" missed="0" covered="2"/><counter type="METHOD" missed="0" covered="1"/></method><method name="count" desc="()I" line="54"><counter type="INSTRUCTION" missed="0" covered="4"/><counter type="LINE" missed="0" covered="1"/><counter type="COMPLEXITY" missed="0" covered="1"/><counter type="METHOD" missed="0" covered="1"/></method><method name="type" desc="()Ljava/lang/String;" line="59"><counter type="INSTRUCTION" missed="0" covered="3"/><counter type="LINE" missed="0" covered="1"/><counter type="COMPLEXITY" missed="0" covered="1"/><counter type="METHOD" missed="0" covered="1"/></method><method name="toBytes" desc="()[B" line="63"><counter type="INSTRUCTION" missed="0" covered="48"/><counter type="BRANCH" missed="0" covered="4"/><counter type="LINE" missed="0" covered="7"/><counter type="COMPLEXITY" missed="0" covered="3"/><counter type="METHOD" missed="0" covered="1"/></method><method name="target" desc="()Lcom/company/Target;" line="73"><counter type="INSTRUCTION" missed="0" covered="3"/><counter type="LINE" missed="0" covered="1"/><counter type="COMPLEXITY" missed="0" covered="1"/><counter type="METHOD" missed="0" covered="1"/></method><method name="data" desc="()Ljava/util/List;" line="77"><counter type="INSTRUCTION" missed="3" covered="0"/><counter type="LINE" missed="1" covered="0"/><counter type="COMPLEXITY" missed="1" covered="0"/><counter type="METHOD" missed="1" covered="0"/></method><method name="equals" desc="(Ljava/lang/Object;)Z" line="82"><counter type="INSTRUCTION" missed="33" covered="0"/><counter type="BRANCH" missed="10" covered="0"/><counter type="LINE" missed="5" covered="0"/><counter type="COMPLEXITY" missed="6" covered="0"/><counter type="METHOD" missed="1" covered="0"/></method><method name="hashCode" desc="()I" line="91"><counter type="INSTRUCTION" missed="14" covered="0"/><counter type="LINE" missed="1" covered="0"/><counter type="COMPLEXITY" missed="1" covered="0"/><counter type="METHOD" missed="1" covered="0"/></method><method name="toString" desc="()Ljava/lang/String;" line="96"><counter type="INSTRUCTION" missed="6" covered="0"/><counter type="LINE" missed="1" covered="0"/><counter type="COMPLEXITY" missed="1" covered="0"/><counter type="METHOD" missed="1" covered="0"/></method><method name="&lt;clinit&gt;" desc="()V" line="10"><counter type="INSTRUCTION" missed="0" covered="3"/><counter type="LINE" missed="0" covered="1"/><counter type="COMPLEXITY" missed="0" covered="1"/><counter type="METHOD" missed="0" covered="1"/></method><counter type="INSTRUCTION" missed="56" covered="193"/><counter type="BRANCH" missed="10" covered="8"/><counter type="LINE" missed="8" covered="37"/><counter type="COMPLEXITY" missed="9" covered="14"/><counter type="METHOD" missed="4" covered="10"/><counter type="CLASS" missed="0" covered="1"/></class><class name="com/company/Type" sourcefilename="Type.java"><method name="&lt;init&gt;" desc="(Ljava/lang/String;ILjava/lang/String;)V" line="9"><counter type="INSTRUCTION" missed="0" covered="8"/><counter type="LINE" missed="0" covered="3"/><counter type="COMPLEXITY" missed="0" covered="1"/><counter type="METHOD" missed="0" covered="1"/></method><method name="&lt;clinit&gt;" desc="()V" line="3"><counter type="INSTRUCTION" missed="0" covered="17"/><counter type="LINE" missed="0" covered="3"/><counter type="COMPLEXITY" missed="0" covered="1"/><counter type="METHOD" missed="0" covered="1"/></method><counter type="INSTRUCTION" missed="0" covered="25"/><counter type="LINE" missed="0" covered="6"/><counter type="COMPLEXITY" missed="0" covered="2"/><counter type="METHOD" missed="0" covered="2"/><counter type="CLASS" missed="0" covered="1"/></class><class name="com/company/Mode" sourcefilename="Mode.java"><method name="&lt;init&gt;" desc="(Ljava/lang/String;II)V" line="14"><counter type="INSTRUCTION" missed="0" covered="8"/><counter type="LINE" missed="0" covered="3"/><counter type="COMPLEXITY" missed="0" covered="1"/><counter type="METHOD" missed="0" covered="1"/></method><method name="&lt;clinit&gt;" desc="()V" line="3"><counter type="INSTRUCTION" missed="0" covered="52"/><counter type="LINE" missed="0" covered="8"/><counter type="COMPLEXITY" missed="0" covered="1"/><counter type="METHOD" missed="0" covered="1"/></method><counter type="INSTRUCTION" missed="0" covered="60"/><counter type="LINE" missed="0" covered="11"/><counter type="COMPLEXITY" missed="0" covered="2"/><counter type="METHOD" missed="0" covered="2"/><counter type="CLASS" missed="0" covered="1"/></class><class name="com/company/Maze" sourcefilename="Maze.java"><method name="getTriangleStrips" desc="()Ljava/util/List;" line="24"><counter type="INSTRUCTION" missed="0" covered="20"/><counter type="BRANCH" missed="0" covered="2"/><counter type="LINE" missed="0" covered="4"/><counter type="COMPLEXITY" missed="0" covered="2"/><counter type="METHOD" missed="0" covered="1"/></method><method name="&lt;init&gt;" desc="(Ljava/util/List;)V" line="16"><counter type="INSTRUCTION" missed="0" covered="29"/><counter type="LINE" missed="0" covered="8"/><counter type="COMPLEXITY" missed="0" covered="1"/><counter type="METHOD" missed="0" covered="1"/></method><method name="neighborCoords" desc="(Ljava/awt/Point;II)Ljava/util/List;" line="37"><counter type="INSTRUCTION" missed="10" covered="74"/><counter type="BRANCH" missed="5" covered="21"/><counter type="LINE" missed="1" covered="11"/><counter type="COMPLEXITY" missed="5" covered="9"/><counter type="METHOD" missed="0" covered="1"/></method><method name="nextNeighborCoords" desc="(Ljava/awt/Point;)Ljava/util/List;" line="56"><counter type="INSTRUCTION" missed="10" covered="76"/><counter type="BRANCH" missed="5" covered="11"/><counter type="LINE" missed="0" covered="11"/><counter type="COMPLEXITY" missed="5" covered="4"/><counter type="METHOD" missed="0" covered="1"/></method><method name="addable" desc="(Ljava/awt/Point;)Z" line="72"><counter type="INSTRUCTION" missed="0" covered="23"/><counter type="BRANCH" missed="0" covered="6"/><counter type="LINE" missed="0" covered="1"/><counter type="COMPLEXITY" missed="0" covered="4"/><counter type="METHOD" missed="0" covered="1"/></method><method name="findLineCoordLists" desc="()V" line="76"><counter type="INSTRUCTION" missed="56" covered="151"/><counter type="BRANCH" missed="10" covered="24"/><counter type="LINE" missed="6" covered="26"/><counter type="COMPLEXITY" missed="9" covered="9"/><counter type="METHOD" missed="0" covered="1"/></method><method name="compressLines" desc="()V" line="117"><counter type="INSTRUCTION" missed="0" covered="12"/><counter type="LINE" missed="0" covered="2"/><counter type="COMPLEXITY" missed="0" covered="1"/><counter type="METHOD" missed="0" covered="1"/></method><method name="endpoints" desc="(Ljava/util/List;)Ljava/util/List;" line="122"><counter type="INSTRUCTION" missed="12" covered="169"/><counter type="BRANCH" missed="8" covered="16"/><counter type="LINE" missed="0" covered="18"/><counter type="COMPLEXITY" missed="8" covered="5"/><counter type="METHOD" missed="0" covered="1"/></method><method name="toSvg" desc="()Ljava/lang/String;" line="148"><counter type="INSTRUCTION" missed="132" covered="0"/><counter type="BRANCH" missed="8" covered="0"/><counter type="LINE" missed="12" covered="0"/><counter type="COMPLEXITY" missed="5" covered="0"/><counter type="METHOD" missed="1" covered="0"/></method><method name="toJson" desc="()Ljava/lang/String;" line="167"><counter type="INSTRUCTION" missed="16" covered="349"/><counter type="BRANCH" missed="8" covered="24"/><counter type="LINE" missed="0" covered="65"/><counter type="COMPLEXITY" missed="8" covered="9"/><counter type="METHOD" missed="0" covered="1"/></method><method name="fuzzerTestOneInput" desc="(Lcom/code_intelligence/jazzer/api/FuzzedDataProvider;)V" line="257"><counter type="INSTRUCTION" missed="50" covered="0"/><counter type="BRANCH" missed="4" covered="0"/><counter type="LINE" missed="9" covered="0"/><counter type="COMPLEXITY" missed="3" covered="0"/><counter type="METHOD" missed="1" covered="0"/></method><method name="main" desc="([Ljava/lang/String;)V" line="272"><counter type="INSTRUCTION" missed="90" covered="0"/><counter type="BRANCH" missed="10" covered="0"/><counter type="LINE" missed="17" covered="0"/><counter type="COMPLEXITY" missed="6" covered="0"/><counter type="METHOD" missed="1" covered="0"/></method><method name="getStringFromMaze" desc="(Ljava/util/List;)Ljava/lang/String;" line="301"><counter type="INSTRUCTION" missed="0" covered="12"/><counter type="LINE" missed="0" covered="4"/><counter type="COMPLEXITY" missed="0" covered="1"/><counter type="METHOD" missed="0" covered="1"/></method><method name="lambda$toJson$9" desc="(Lcom/company/Point3D;)[F" line="170"><counter type="INSTRUCTION" missed="0" covered="21"/><counter type="LINE" missed="0" covered="1"/><counter type="COMPLEXITY" missed="0" covered="1"/><counter type="METHOD" missed="0" covered="1"/></method><method name="lambda$toJson$8" desc="(I)Ljava/lang/Short;" line="169"><counter type="INSTRUCTION" missed="0" covered="4"/><counter type="LINE" missed="0" covered="1"/><counter type="COMPLEXITY" missed="0" covered="1"/><counter type="METHOD" missed="0" covered="1"/></method><method name="lambda$endpoints$7" desc="(Ljava/util/List;)Ljava/util/stream/Stream;" line="144"><counter type="INSTRUCTION" missed="20" covered="8"/><counter type="BRANCH" missed="1" covered="1"/><counter type="LINE" missed="0" covered="1"/><counter type="COMPLEXITY" missed="1" covered="1"/><counter type="METHOD" missed="0" covered="1"/></method><method name="lambda$findLineCoordLists$6" desc="(Ljava/lang/Long;Ljava/util/List;)Ljava/lang/Long;" line="112"><counter type="INSTRUCTION" missed="0" covered="10"/><counter type="LINE" missed="0" covered="1"/><counter type="COMPLEXITY" missed="0" covered="1"/><counter type="METHOD" missed="0" covered="1"/></method><method name="lambda$findLineCoordLists$5" desc="(Ljava/lang/Boolean;)Z" line="112"><counter type="INSTRUCTION" missed="0" covered="3"/><counter type="LINE" missed="0" covered="1"/><counter type="COMPLEXITY" missed="0" covered="1"/><counter type="METHOD" missed="0" covered="1"/></method><method name="lambda$findLineCoordLists$4" desc="(Ljava/lang/Long;Ljava/util/List;)Ljava/lang/Long;" line="112"><counter type="INSTRUCTION" missed="0" covered="8"/><counter type="LINE" missed="0" covered="1"/><counter type="COMPLEXITY" missed="0" covered="1"/><counter type="METHOD" missed="0" covered="1"/></method><method name="lambda$nextNeighborCoords$3" desc="(IILjava/awt/Point;Ljava/awt/Point;)Z" line="60"><counter type="INSTRUCTION" missed="0" covered="8"/><counter type="LINE" missed="0" covered="1"/><counter type="COMPLEXITY" missed="0" covered="1"/><counter type="METHOD" missed="0" covered="1"/></method><method name="lambda$neighborCoords$2" desc="(Ljava/awt/Point;Ljava/awt/Point;)Z" line="51"><counter type="INSTRUCTION" missed="1" covered="24"/><counter type="BRANCH" missed="1" covered="1"/><counter type="LINE" missed="0" covered="1"/><counter type="COMPLEXITY" missed="1" covered="1"/><counter type="METHOD" missed="0" covered="1"/></method><method name="lambda$getTriangleStrips$1" desc="(Ljava/util/List;)Ljava/util/List;" line="26"><counter type="INSTRUCTION" missed="0" covered="9"/><counter type="LINE" missed="0" covered="2"/><counter type="COMPLEXITY" missed="0" covered="1"/><counter type="METHOD" missed="0" covered="1"/></method><method name="lambda$getTriangleStrips$0" desc="(Ljava/awt/Point;)Ljava/util/stream/Stream;" line="27"><counter type="INSTRUCTION" missed="0" covered="27"/><counter type="LINE" missed="0" covered="1"/><counter type="COMPLEXITY" missed="0" covered="1"/><counter type="METHOD" missed="0" covered="1"/></method><method name="&lt;clinit&gt;" desc="()V" line="15"><counter type="INSTRUCTION" missed="2" covered="6"/><counter type="BRANCH" missed="1" covered="1"/><counter type="LINE" missed="0" covered="1"/><counter type="COMPLEXITY" missed="1" covered="1"/><counter type="METHOD" missed="0" covered="1"/></method><counter type="INSTRUCTION" missed="399" covered="1043"/><counter type="BRANCH" missed="61" covered="107"/><counter type="LINE" missed="45" covered="152"/><counter type="COMPLEXITY" missed="52" covered="56"/><counter type="METHOD" missed="3" covered="21"/><counter type="CLASS" missed="0" covered="1"/></class><class name="com/company/MeshBuffer" sourcefilename="MeshBuffer.java"><method name="&lt;init&gt;" desc="(Ljava/util/List;)V" line="9"><counter type="INSTRUCTION" missed="0" covered="6"/><counter type="LINE" missed="0" covered="3"/><counter type="COMPLEXITY" missed="0" covered="1"/><counter type="METHOD" missed="0" covered="1"/></method><method name="toString" desc="()Ljava/lang/String;" line="15"><counter type="INSTRUCTION" missed="0" covered="6"/><counter type="LINE" missed="0" covered="1"/><counter type="COMPLEXITY" missed="0" covered="1"/><counter type="METHOD" missed="0" covered="1"/></method><method name="toBytes" desc="()[B" line="20"><counter type="INSTRUCTION" missed="0" covered="31"/><counter type="BRANCH" missed="0" covered="2"/><counter type="LINE" missed="0" covered="5"/><counter type="COMPLEXITY" missed="0" covered="2"/><counter type="METHOD" missed="0" covered="1"/></method><method name="toBytesHelper" desc="()Ljava/util/List;" line="29"><counter type="INSTRUCTION" missed="7" covered="75"/><counter type="BRANCH" missed="1" covered="7"/><counter type="LINE" missed="1" covered="9"/><counter type="COMPLEXITY" missed="1" covered="4"/><counter type="METHOD" missed="0" covered="1"/></method><method name="getBYTES" desc="()I" line="46"><counter type="INSTRUCTION" missed="2" covered="0"/><counter type="LINE" missed="1" covered="0"/><counter type="COMPLEXITY" missed="1" covered="0"/><counter type="METHOD" missed="1" covered="0"/></method><method name="target" desc="()Lcom/company/Target;" line="51"><counter type="INSTRUCTION" missed="2" covered="0"/><counter type="LINE" missed="1" covered="0"/><counter type="COMPLEXITY" missed="1" covered="0"/><counter type="METHOD" missed="1" covered="0"/></method><method name="count" desc="()I" line="56"><counter type="INSTRUCTION" missed="2" covered="0"/><counter type="LINE" missed="1" covered="0"/><counter type="COMPLEXITY" missed="1" covered="0"/><counter type="METHOD" missed="1" covered="0"/></method><method name="getComponentType" desc="()I" line="61"><counter type="INSTRUCTION" missed="2" covered="0"/><counter type="LINE" missed="1" covered="0"/><counter type="COMPLEXITY" missed="1" covered="0"/><counter type="METHOD" missed="1" covered="0"/></method><method name="type" desc="()Ljava/lang/String;" line="66"><counter type="INSTRUCTION" missed="2" covered="0"/><counter type="LINE" missed="1" covered="0"/><counter type="COMPLEXITY" missed="1" covered="0"/><counter type="METHOD" missed="1" covered="0"/></method><method name="getMax" desc="()[F" line="71"><counter type="INSTRUCTION" missed="2" covered="0"/><counter type="LINE" missed="1" covered="0"/><counter type="COMPLEXITY" missed="1" covered="0"/><counter type="METHOD" missed="1" covered="0"/></method><method name="getMin" desc="()[F" line="76"><counter type="INSTRUCTION" missed="2" covered="0"/><counter type="LINE" missed="1" covered="0"/><counter type="COMPLEXITY" missed="1" covered="0"/><counter type="METHOD" missed="1" covered="0"/></method><method name="objects" desc="()Ljava/util/List;" line="80"><counter type="INSTRUCTION" missed="0" covered="3"/><counter type="LINE" missed="0" covered="1"/><counter type="COMPLEXITY" missed="0" covered="1"/><counter type="METHOD" missed="0" covered="1"/></method><method name="equals" desc="(Ljava/lang/Object;)Z" line="85"><counter type="INSTRUCTION" missed="23" covered="0"/><counter type="BRANCH" missed="6" covered="0"/><counter type="LINE" missed="4" covered="0"/><counter type="COMPLEXITY" missed="4" covered="0"/><counter type="METHOD" missed="1" covered="0"/></method><method name="hashCode" desc="()I" line="93"><counter type="INSTRUCTION" missed="9" covered="0"/><counter type="LINE" missed="1" covered="0"/><counter type="COMPLEXITY" missed="1" covered="0"/><counter type="METHOD" missed="1" covered="0"/></method><counter type="INSTRUCTION" missed="53" covered="121"/><counter type="BRANCH" missed="7" covered="9"/><counter type="LINE" missed="13" covered="19"/><counter type="COMPLEXITY" missed="13" covered="9"/><counter type="METHOD" missed="9" covered="5"/><counter type="CLASS" missed="0" covered="1"/></class><sourcefile name="ComponentType.java"><line nr="3" mi="0" ci="3" mb="0" cb="0"/><line nr="4" mi="0" ci="7" mb="0" cb="0"/><line nr="5" mi="0" ci="7" mb="0" cb="0"/><line nr="6" mi="0" ci="7" mb="0" cb="0"/><line nr="7" mi="0" ci="7" mb="0" cb="0"/><line nr="8" mi="0" ci="7" mb="0" cb="0"/><line nr="9" mi="0" ci="7" mb="0" cb="0"/><line nr="10" mi="0" ci="7" mb="0" cb="0"/><line nr="13" mi="0" ci="4" mb="0" cb="0"/><line nr="14" mi="0" ci="3" mb="0" cb="0"/><line nr="15" mi="0" ci="1" mb="0" cb="0"/><counter type="INSTRUCTION" missed="0" covered="60"/><counter type="LINE" missed="0" covered="11"/><counter type="COMPLEXITY" missed="0" covered="2"/><counter type="METHOD" missed="0" covered="2"/><counter type="CLASS" missed="0" covered="1"/></sourcefile><sourcefile name="Mode.java"><line nr="3" mi="0" ci="3" mb="0" cb="0"/><line nr="4" mi="0" ci="7" mb="0" cb="0"/><line nr="5" mi="0" ci="7" mb="0" cb="0"/><line nr="6" mi="0" ci="7" mb="0" cb="0"/><line nr="7" mi="0" ci="7" mb="0" cb="0"/><line nr="8" mi="0" ci="7" mb="0" cb="0"/><line nr="9" mi="0" ci="7" mb="0" cb="0"/><line nr="10" mi="0" ci="7" mb="0" cb="0"/><line nr="14" mi="0" ci="4" mb="0" cb="0"/><line nr="15" mi="0" ci="3" mb="0" cb="0"/><line nr="16" mi="0" ci="1" mb="0" cb="0"/><counter type="INSTRUCTION" missed="0" covered="60"/><counter type="LINE" missed="0" covered="11"/><counter type="COMPLEXITY" missed="0" covered="2"/><counter type="METHOD" missed="0" covered="2"/><counter type="CLASS" missed="0" covered="1"/></sourcefile><sourcefile name="Target.java"><line nr="3" mi="0" ci="3" mb="0" cb="0"/><line nr="4" mi="0" ci="7" mb="0" cb="0"/><line nr="5" mi="0" ci="7" mb="0" cb="0"/><line nr="8" mi="0" ci="4" mb="0" cb="0"/><line nr="9" mi="0" ci="3" mb="0" cb="0"/><line nr="10" mi="0" ci="1" mb="0" cb="0"/><counter type="INSTRUCTION" missed="0" covered="25"/><counter type="LINE" missed="0" covered="6"/><counter type="COMPLEXITY" missed="0" covered="2"/><counter type="METHOD" missed="0" covered="2"/><counter type="CLASS" missed="0" covered="1"/></sourcefile><sourcefile name="FloatVec3Data.java"><line nr="10" mi="0" ci="3" mb="0" cb="0"/><line nr="14" mi="0" ci="2" mb="0" cb="0"/><line nr="15" mi="0" ci="3" mb="0" cb="0"/><line nr="16" mi="0" ci="3" mb="0" cb="0"/><line nr="17" mi="0" ci="1" mb="0" cb="0"/><line nr="20" mi="0" ci="2" mb="0" cb="0"/><line nr="24" mi="0" ci="3" mb="0" cb="0"/><line nr="28" mi="0" ci="3" mb="0" cb="0"/><line nr="29" mi="0" ci="4" mb="0" cb="0"/><line nr="30" mi="0" ci="4" mb="0" cb="0"/><line nr="31" mi="0" ci="4" mb="0" cb="0"/><line nr="32" mi="0" ci="11" mb="0" cb="2"/><line nr="33" mi="0" ci="10" mb="0" cb="0"/><line nr="34" mi="0" ci="10" mb="0" cb="0"/><line nr="35" mi="0" ci="10" mb="0" cb="0"/><line nr="36" mi="0" ci="1" mb="0" cb="0"/><line nr="37" mi="0" ci="2" mb="0" cb="0"/><line nr="41" mi="0" ci="3" mb="0" cb="0"/><line nr="42" mi="0" ci="4" mb="0" cb="0"/><line nr="43" mi="0" ci="4" mb="0" cb="0"/><line nr="44" mi="0" ci="4" mb="0" cb="0"/><line nr="45" mi="0" ci="11" mb="0" cb="2"/><line nr="46" mi="0" ci="10" mb="0" cb="0"/><line nr="47" mi="0" ci="10" mb="0" cb="0"/><line nr="48" mi="0" ci="10" mb="0" cb="0"/><line nr="49" mi="0" ci="1" mb="0" cb="0"/><line nr="50" mi="0" ci="2" mb="0" cb="0"/><line nr="54" mi="0" ci="4" mb="0" cb="0"/><line nr="59" mi="0" ci="3" mb="0" cb="0"/><line nr="63" mi="0" ci="9" mb="0" cb="0"/><line nr="64" mi="0" ci="4" mb="0" cb="0"/><line nr="65" mi="0" ci="11" mb="0" cb="2"/><line nr="66" mi="0" ci="16" mb="0" cb="2"/><line nr="67" mi="0" ci="4" mb="0" cb="0"/><line nr="68" mi="0" ci="1" mb="0" cb="0"/><line nr="69" mi="0" ci="3" mb="0" cb="0"/><line nr="73" mi="0" ci="3" mb="0" cb="0"/><line nr="77" mi="3" ci="0" mb="0" cb="0"/><line nr="82" mi="5" ci="0" mb="2" cb="0"/><line nr="83" mi="9" ci="0" mb="4" cb="0"/><line nr="84" mi="3" ci="0" mb="0" cb="0"/><line nr="85" mi="11" ci="0" mb="2" cb="0"/><line nr="86" mi="5" ci="0" mb="2" cb="0"/><line nr="91" mi="14" ci="0" mb="0" cb="0"/><line nr="96" mi="6" ci="0" mb="0" cb="0"/><counter type="INSTRUCTION" missed="56" covered="193"/><counter type="BRANCH" missed="10" covered="8"/><counter type="LINE" missed="8" covered="37"/><counter type="COMPLEXITY" missed="9" covered="14"/><counter type="METHOD" missed="4" covered="10"/><counter type="CLASS" missed="0" covered="1"/></sourcefile><sourcefile name="MeshBuffer.java"><line nr="9" mi="0" ci="2" mb="0" cb="0"/><line nr="10" mi="0" ci="3" mb="0" cb="0"/><line nr="11" mi="0" ci="1" mb="0" cb="0"/><line nr="15" mi="0" ci="6" mb="0" cb="0"/><line nr="20" mi="0" ci="9" mb="0" cb="0"/><line nr="21" mi="0" ci="4" mb="0" cb="0"/><line nr="22" mi="0" ci="8" mb="0" cb="2"/><line nr="23" mi="0" ci="8" mb="0" cb="0"/><line nr="25" mi="0" ci="2" mb="0" cb="0"/><line nr="29" mi="0" ci="4" mb="0" cb="0"/><line nr="30" mi="0" ci="9" mb="0" cb="2"/><line nr="31" mi="0" ci="4" mb="0" cb="0"/><line nr="32" mi="0" ci="21" mb="0" cb="2"/><line nr="33" mi="0" ci="5" mb="0" cb="0"/><line nr="35" mi="0" ci="21" mb="0" cb="2"/><line nr="36" mi="2" ci="5" mb="1" cb="1"/><line nr="37" mi="5" ci="0" mb="0" cb="0"/><line nr="39" mi="0" ci="4" mb="0" cb="0"/><line nr="41" mi="0" ci="2" mb="0" cb="0"/><line nr="46" mi="2" ci="0" mb="0" cb="0"/><line nr="51" mi="2" ci="0" mb="0" cb="0"/><line nr="56" mi="2" ci="0" mb="0" cb="0"/><line nr="61" mi="2" ci="0" mb="0" cb="0"/><line nr="66" mi="2" ci="0" mb="0" cb="0"/><line nr="71" mi="2" ci="0" mb="0" cb="0"/><line nr="76" mi="2" ci="0" mb="0" cb="0"/><line nr="80" mi="0" ci="3" mb="0" cb="0"/><line nr="85" mi="5" ci="0" mb="2" cb="0"/><line nr="86" mi="9" ci="0" mb="4" cb="0"/><line nr="87" mi="3" ci="0" mb="0" cb="0"/><line nr="88" mi="6" ci="0" mb="0" cb="0"/><line nr="93" mi="9" ci="0" mb="0" cb="0"/><counter type="INSTRUCTION" missed="53" covered="121"/><counter type="BRANCH" missed="7" covered="9"/><counter type="LINE" missed="13" covered="19"/><counter type="COMPLEXITY" missed="13" covered="9"/><counter type="METHOD" missed="9" covered="5"/><counter type="CLASS" missed="0" covered="1"/></sourcefile><sourcefile name="Type.java"><line nr="3" mi="0" ci="3" mb="0" cb="0"/><line nr="4" mi="0" ci="7" mb="0" cb="0"/><line nr="5" mi="0" ci="7" mb="0" cb="0"/><line nr="9" mi="0" ci="4" mb="0" cb="0"/><line nr="10" mi="0" ci="3" mb="0" cb="0"/><line nr="11" mi="0" ci="1" mb="0" cb="0"/><counter type="INSTRUCTION" missed="0" covered="25"/><counter type="LINE" missed="0" covered="6"/><counter type="COMPLEXITY" missed="0" covered="2"/><counter type="METHOD" missed="0" covered="2"/><counter type="CLASS" missed="0" covered="1"/></sourcefile><sourcefile name="MeshData.java"/><sourcefile name="UshortData.java"><line nr="12" mi="0" ci="2" mb="0" cb="0"/><line nr="13" mi="0" ci="3" mb="0" cb="0"/><line nr="14" mi="0" ci="3" mb="0" cb="0"/><line nr="15" mi="0" ci="1" mb="0" cb="0"/><line nr="18" mi="0" ci="2" mb="0" cb="0"/><line nr="22" mi="0" ci="3" mb="0" cb="0"/><line nr="26" mi="0" ci="4" mb="0" cb="0"/><line nr="30" mi="0" ci="15" mb="0" cb="0"/><line nr="34" mi="0" ci="15" mb="0" cb="0"/><line nr="38" mi="0" ci="3" mb="0" cb="0"/><line nr="42" mi="0" ci="7" mb="0" cb="0"/><line nr="43" mi="0" ci="4" mb="0" cb="0"/><line nr="44" mi="0" ci="11" mb="0" cb="2"/><line nr="45" mi="0" ci="5" mb="0" cb="0"/><line nr="46" mi="0" ci="1" mb="0" cb="0"/><line nr="47" mi="0" ci="3" mb="0" cb="0"/><line nr="51" mi="0" ci="3" mb="0" cb="0"/><line nr="55" mi="3" ci="0" mb="0" cb="0"/><line nr="60" mi="5" ci="0" mb="2" cb="0"/><line nr="61" mi="9" ci="0" mb="4" cb="0"/><line nr="62" mi="3" ci="0" mb="0" cb="0"/><line nr="63" mi="11" ci="0" mb="2" cb="0"/><line nr="64" mi="5" ci="0" mb="2" cb="0"/><line nr="69" mi="14" ci="0" mb="0" cb="0"/><line nr="74" mi="6" ci="0" mb="0" cb="0"/><counter type="INSTRUCTION" missed="56" covered="85"/><counter type="BRANCH" missed="10" covered="2"/><counter type="LINE" missed="8" covered="17"/><counter type="COMPLEXITY" missed="9" covered="10"/><counter type="METHOD" missed="4" covered="9"/><counter type="CLASS" missed="0" covered="1"/></sourcefile><sourcefile name="Maze.java"><line nr="15" mi="2" ci="6" mb="1" cb="1"/><line nr="16" mi="0" ci="5" mb="0" cb="0"/><line nr="17" mi="0" ci="5" mb="0" cb="0"/><line nr="18" mi="0" ci="5" mb="0" cb="0"/><line nr="19" mi="0" ci="5" mb="0" cb="0"/><line nr="21" mi="0" ci="3" mb="0" cb="0"/><line nr="24" mi="0" ci="4" mb="0" cb="2"/><line nr="25" mi="0" ci="3" mb="0" cb="0"/><line nr="26" mi="0" ci="12" mb="0" cb="0"/><line nr="27" mi="0" ci="27" mb="0" cb="0"/><line nr="28" mi="0" ci="10" mb="0" cb="0"/><line nr="31" mi="0" ci="2" mb="0" cb="0"/><line nr="32" mi="0" ci="3" mb="0" cb="0"/><line nr="33" mi="0" ci="1" mb="0" cb="0"/><line nr="37" mi="0" ci="4" mb="0" cb="0"/><line nr="38" mi="0" ci="2" mb="1" cb="1"/><line nr="39" mi="2" ci="0" mb="0" cb="0"/><line nr="41" mi="0" ci="3" mb="0" cb="0"/><line nr="42" mi="0" ci="3" mb="0" cb="0"/><line nr="43" mi="0" ci="11" mb="0" cb="2"/><line nr="44" mi="0" ci="11" mb="0" cb="2"/><line nr="45" mi="0" ci="16" mb="0" cb="12"/><line nr="46" mi="0" ci="8" mb="0" cb="0"/><line nr="50" mi="4" ci="6" mb="2" cb="2"/><line nr="51" mi="5" ci="32" mb="3" cb="3"/><line nr="52" mi="0" ci="2" mb="0" cb="0"/><line nr="56" mi="0" ci="4" mb="0" cb="0"/><line nr="57" mi="0" ci="4" mb="0" cb="0"/><line nr="58" mi="2" ci="11" mb="1" cb="1"/><line nr="59" mi="0" ci="6" mb="0" cb="0"/><line nr="60" mi="4" ci="19" mb="2" cb="2"/><line nr="62" mi="0" ci="10" mb="0" cb="2"/><line nr="63" mi="0" ci="17" mb="0" cb="4"/><line nr="64" mi="0" ci="4" mb="0" cb="0"/><line nr="66" mi="0" ci="1" mb="0" cb="0"/><line nr="67" mi="4" ci="6" mb="2" cb="2"/><line nr="68" mi="0" ci="2" mb="0" cb="0"/><line nr="72" mi="0" ci="23" mb="0" cb="6"/><line nr="76" mi="0" ci="4" mb="0" cb="0"/><line nr="77" mi="0" ci="13" mb="0" cb="2"/><line nr="78" mi="0" ci="7" mb="0" cb="2"/><line nr="79" mi="0" ci="7" mb="0" cb="2"/><line nr="80" mi="0" ci="6" mb="0" cb="0"/><line nr="81" mi="0" ci="4" mb="0" cb="2"/><line nr="82" mi="0" ci="1" mb="0" cb="0"/><line nr="85" mi="0" ci="2" mb="0" cb="0"/><line nr="86" mi="0" ci="2" mb="0" cb="0"/><line nr="87" mi="0" ci="4" mb="0" cb="2"/><line nr="88" mi="0" ci="2" mb="0" cb="2"/><line nr="89" mi="0" ci="7" mb="0" cb="0"/><line nr="90" mi="0" ci="4" mb="0" cb="0"/><line nr="91" mi="0" ci="10" mb="0" cb="2"/><line nr="92" mi="0" ci="2" mb="0" cb="0"/><line nr="94" mi="0" ci="12" mb="0" cb="0"/><line nr="95" mi="0" ci="5" mb="0" cb="0"/><line nr="96" mi="0" ci="3" mb="1" cb="1"/><line nr="97" mi="10" ci="0" mb="0" cb="0"/><line nr="99" mi="0" ci="4" mb="0" cb="0"/><line nr="100" mi="4" ci="7" mb="2" cb="2"/><line nr="101" mi="0" ci="10" mb="0" cb="2"/><line nr="102" mi="0" ci="1" mb="0" cb="0"/><line nr="103" mi="4" ci="8" mb="2" cb="2"/><line nr="104" mi="0" ci="4" mb="1" cb="1"/><line nr="105" mi="12" ci="0" mb="0" cb="0"/><line nr="106" mi="5" ci="0" mb="0" cb="0"/><line nr="107" mi="4" ci="0" mb="0" cb="0"/><line nr="108" mi="12" ci="0" mb="2" cb="0"/><line nr="109" mi="1" ci="0" mb="0" cb="0"/><line nr="112" mi="4" ci="42" mb="2" cb="2"/><line nr="113" mi="0" ci="1" mb="0" cb="0"/><line nr="117" mi="0" ci="11" mb="0" cb="0"/><line nr="118" mi="0" ci="1" mb="0" cb="0"/><line nr="122" mi="0" ci="4" mb="0" cb="2"/><line nr="123" mi="0" ci="2" mb="0" cb="0"/><line nr="126" mi="0" ci="26" mb="0" cb="0"/><line nr="127" mi="0" ci="6" mb="0" cb="0"/><line nr="128" mi="0" ci="4" mb="0" cb="0"/><line nr="129" mi="0" ci="4" mb="0" cb="0"/><line nr="130" mi="0" ci="8" mb="0" cb="2"/><line nr="131" mi="0" ci="6" mb="0" cb="2"/><line nr="132" mi="0" ci="30" mb="0" cb="0"/><line nr="133" mi="4" ci="26" mb="3" cb="3"/><line nr="135" mi="0" ci="7" mb="0" cb="0"/><line nr="136" mi="0" ci="9" mb="1" cb="3"/><line nr="137" mi="0" ci="4" mb="0" cb="0"/><line nr="138" mi="0" ci="4" mb="0" cb="0"/><line nr="140" mi="0" ci="2" mb="0" cb="0"/><line nr="142" mi="4" ci="7" mb="2" cb="2"/><line nr="143" mi="4" ci="12" mb="2" cb="2"/><line nr="144" mi="20" ci="16" mb="1" cb="1"/><line nr="148" mi="4" ci="0" mb="0" cb="0"/><line nr="149" mi="24" ci="0" mb="0" cb="0"/><line nr="150" mi="9" ci="0" mb="2" cb="0"/><line nr="151" mi="10" ci="0" mb="2" cb="0"/><line nr="153" mi="4" ci="0" mb="0" cb="0"/><line nr="154" mi="12" ci="0" mb="2" cb="0"/><line nr="155" mi="33" ci="0" mb="0" cb="0"/><line nr="156" mi="10" ci="0" mb="2" cb="0"/><line nr="157" mi="4" ci="0" mb="0" cb="0"/><line nr="160" mi="15" ci="0" mb="0" cb="0"/><line nr="162" mi="4" ci="0" mb="0" cb="0"/><line nr="163" mi="3" ci="0" mb="0" cb="0"/><line nr="167" mi="0" ci="4" mb="0" cb="0"/><line nr="168" mi="0" ci="9" mb="0" cb="2"/><line nr="169" mi="0" ci="24" mb="0" cb="0"/><line nr="170" mi="0" ci="39" mb="0" cb="0"/><line nr="172" mi="4" ci="10" mb="2" cb="2"/><line nr="173" mi="0" ci="5" mb="0" cb="0"/><line nr="174" mi="4" ci="8" mb="2" cb="2"/><line nr="175" mi="4" ci="13" mb="2" cb="4"/><line nr="176" mi="4" ci="13" mb="2" cb="4"/><line nr="177" mi="0" ci="2" mb="0" cb="0"/><line nr="178" mi="0" ci="2" mb="0" cb="0"/><line nr="179" mi="0" ci="9" mb="0" cb="0"/><line nr="180" mi="0" ci="8" mb="0" cb="2"/><line nr="181" mi="0" ci="5" mb="0" cb="0"/><line nr="182" mi="0" ci="6" mb="0" cb="0"/><line nr="183" mi="0" ci="3" mb="0" cb="0"/><line nr="184" mi="0" ci="3" mb="0" cb="0"/><line nr="185" mi="0" ci="5" mb="0" cb="0"/><line nr="186" mi="0" ci="3" mb="0" cb="0"/><line nr="188" mi="0" ci="8" mb="0" cb="0"/><line nr="191" mi="0" ci="2" mb="0" cb="0"/><line nr="192" mi="0" ci="3" mb="0" cb="0"/><line nr="193" mi="0" ci="8" mb="0" cb="2"/><line nr="194" mi="0" ci="5" mb="0" cb="0"/><line nr="195" mi="0" ci="12" mb="0" cb="0"/><line nr="196" mi="0" ci="1" mb="0" cb="0"/><line nr="198" mi="0" ci="4" mb="0" cb="0"/><line nr="199" mi="0" ci="1" mb="0" cb="0"/><line nr="203" mi="0" ci="2" mb="0" cb="0"/><line nr="204" mi="0" ci="8" mb="0" cb="2"/><line nr="205" mi="0" ci="2" mb="0" cb="0"/><line nr="206" mi="0" ci="20" mb="0" cb="2"/><line nr="207" mi="0" ci="5" mb="0" cb="0"/><line nr="209" mi="0" ci="2" mb="0" cb="0"/><line nr="210" mi="0" ci="20" mb="0" cb="2"/><line nr="211" mi="0" ci="5" mb="0" cb="0"/><line nr="213" mi="0" ci="6" mb="0" cb="0"/><line nr="214" mi="0" ci="3" mb="0" cb="0"/><line nr="215" mi="0" ci="4" mb="0" cb="0"/><line nr="216" mi="0" ci="7" mb="0" cb="0"/><line nr="217" mi="0" ci="7" mb="0" cb="0"/><line nr="218" mi="0" ci="6" mb="0" cb="0"/><line nr="219" mi="0" ci="3" mb="0" cb="0"/><line nr="220" mi="0" ci="1" mb="0" cb="0"/><line nr="223" mi="0" ci="2" mb="0" cb="0"/><line nr="224" mi="0" ci="3" mb="0" cb="0"/><line nr="225" mi="0" ci="3" mb="0" cb="0"/><line nr="226" mi="0" ci="3" mb="0" cb="0"/><line nr="227" mi="0" ci="1" mb="0" cb="0"/><line nr="231" mi="0" ci="3" mb="0" cb="0"/><line nr="232" mi="0" ci="4" mb="0" cb="0"/><line nr="233" mi="0" ci="1" mb="0" cb="0"/><line nr="236" mi="0" ci="3" mb="0" cb="0"/><line nr="237" mi="0" ci="4" mb="0" cb="0"/><line nr="238" mi="0" ci="1" mb="0" cb="0"/><line nr="241" mi="0" ci="4" mb="0" cb="0"/><line nr="242" mi="0" ci="4" mb="0" cb="0"/><line nr="243" mi="0" ci="4" mb="0" cb="0"/><line nr="244" mi="0" ci="3" mb="0" cb="0"/><line nr="247" mi="0" ci="3" mb="0" cb="0"/><line nr="248" mi="0" ci="2" mb="0" cb="0"/><line nr="249" mi="0" ci="4" mb="0" cb="0"/><line nr="250" mi="0" ci="1" mb="0" cb="0"/><line nr="252" mi="0" ci="2" mb="0" cb="0"/><line nr="253" mi="0" ci="3" mb="0" cb="0"/><line nr="257" mi="5" ci="0" mb="0" cb="0"/><line nr="258" mi="5" ci="0" mb="0" cb="0"/><line nr="259" mi="4" ci="0" mb="0" cb="0"/><line nr="260" mi="7" ci="0" mb="2" cb="0"/><line nr="261" mi="6" ci="0" mb="0" cb="0"/><line nr="262" mi="7" ci="0" mb="2" cb="0"/><line nr="263" mi="12" ci="0" mb="0" cb="0"/><line nr="266" mi="3" ci="0" mb="0" cb="0"/><line nr="267" mi="1" ci="0" mb="0" cb="0"/><line nr="272" mi="2" ci="0" mb="0" cb="0"/><line nr="273" mi="4" ci="0" mb="0" cb="0"/><line nr="274" mi="8" ci="0" mb="0" cb="0"/><line nr="276" mi="4" ci="0" mb="0" cb="0"/><line nr="277" mi="9" ci="0" mb="2" cb="0"/><line nr="278" mi="3" ci="0" mb="2" cb="0"/><line nr="279" mi="1" ci="0" mb="0" cb="0"/><line nr="281" mi="4" ci="0" mb="0" cb="0"/><line nr="283" mi="4" ci="0" mb="0" cb="0"/><line nr="284" mi="8" ci="0" mb="2" cb="0"/><line nr="285" mi="4" ci="0" mb="2" cb="0"/><line nr="286" mi="6" ci="0" mb="0" cb="0"/><line nr="288" mi="18" ci="0" mb="2" cb="0"/><line nr="294" mi="3" ci="0" mb="0" cb="0"/><line nr="295" mi="8" ci="0" mb="0" cb="0"/><line nr="296" mi="3" ci="0" mb="0" cb="0"/><line nr="298" mi="1" ci="0" mb="0" cb="0"/><line nr="301" mi="0" ci="5" mb="0" cb="0"/><line nr="302" mi="0" ci="2" mb="0" cb="0"/><line nr="303" mi="0" ci="2" mb="0" cb="0"/><line nr="304" mi="0" ci="3" mb="0" cb="0"/><counter type="INSTRUCTION" missed="399" covered="1043"/><counter type="BRANCH" missed="61" covered="107"/><counter type="LINE" missed="45" covered="152"/><counter type="COMPLEXITY" missed="52" covered="56"/><counter type="METHOD" missed="3" covered="21"/><counter type="CLASS" missed="0" covered="1"/></sourcefile><sourcefile name="Point3D.java"><line nr="10" mi="0" ci="2" mb="0" cb="0"/><line nr="11" mi="0" ci="3" mb="0" cb="0"/><line nr="12" mi="0" ci="3" mb="0" cb="0"/><line nr="13" mi="0" ci="3" mb="0" cb="0"/><line nr="14" mi="0" ci="1" mb="0" cb="0"/><line nr="17" mi="0" ci="3" mb="0" cb="0"/><line nr="21" mi="0" ci="3" mb="0" cb="0"/><line nr="25" mi="0" ci="3" mb="0" cb="0"/><line nr="30" mi="5" ci="0" mb="2" cb="0"/><line nr="31" mi="9" ci="0" mb="4" cb="0"/><line nr="32" mi="3" ci="0" mb="0" cb="0"/><line nr="33" mi="19" ci="0" mb="6" cb="0"/><line nr="40" mi="22" ci="0" mb="0" cb="0"/><line nr="45" mi="8" ci="0" mb="0" cb="0"/><counter type="INSTRUCTION" missed="66" covered="21"/><counter type="BRANCH" missed="12" covered="0"/><counter type="LINE" missed="6" covered="8"/><counter type="COMPLEXITY" missed="9" covered="4"/><counter type="METHOD" missed="3" covered="4"/><counter type="CLASS" missed="0" covered="1"/></sourcefile><counter type="INSTRUCTION" missed="630" covered="1633"/><counter type="BRANCH" missed="100" covered="126"/><counter type="LINE" missed="80" covered="267"/><counter type="COMPLEXITY" missed="92" covered="101"/><counter type="METHOD" missed="23" covered="57"/><counter type="CLASS" missed="0" covered="9"/></package><package name="org/glassfish/json"><class name="org/glassfish/json/JsonGeneratorImpl$Context" sourcefilename="JsonGeneratorImpl.java"><method name="&lt;init&gt;" desc="(Lorg/glassfish/json/JsonGeneratorImpl$Scope;)V" line="523"><counter type="INSTRUCTION" missed="0" covered="9"/><counter type="LINE" missed="0" covered="4"/><counter type="COMPLEXITY" missed="0" covered="1"/><counter type="METHOD" missed="0" covered="1"/></method><counter type="INSTRUCTION" missed="0" covered="9"/><counter type="LINE" missed="0" covered="4"/><counter type="COMPLEXITY" missed="0" covered="1"/><counter type="METHOD" missed="0" covered="1"/><counter type="CLASS" missed="0" covered="1"/></class><class name="org/glassfish/json/JsonProviderImpl" sourcefilename="JsonProviderImpl.java"><method name="&lt;init&gt;" desc="()V" line="67"><counter type="INSTRUCTION" missed="0" covered="8"/><counter type="LINE" missed="0" covered="2"/><counter type="COMPLEXITY" missed="0" covered="1"/><counter type="METHOD" missed="0" covered="1"/></method><method name="createGenerator" desc="(Ljava/io/Writer;)Ljavax/json/stream/JsonGenerator;" line="73"><counter type="INSTRUCTION" missed="7" covered="0"/><counter type="LINE" missed="1" covered="0"/><counter type="COMPLEXITY" missed="1" covered="0"/><counter type="METHOD" missed="1" covered="0"/></method><method name="createGenerator" desc="(Ljava/io/OutputStream;)Ljavax/json/stream/JsonGenerator;" line="78"><counter type="INSTRUCTION" missed="7" covered="0"/><counter type="LINE" missed="1" covered="0"/><counter type="COMPLEXITY" missed="1" covered="0"/><counter type="METHOD" missed="1" covered="0"/></method><method name="createParser" desc="(Ljava/io/Reader;)Ljavax/json/stream/JsonParser;" line="83"><counter type="INSTRUCTION" missed="7" covered="0"/><counter type="LINE" missed="1" covered="0"/><counter type="COMPLEXITY" missed="1" covered="0"/><counter type="METHOD" missed="1" covered="0"/></method><method name="createParser" desc="(Ljava/io/InputStream;)Ljavax/json/stream/JsonParser;" line="88"><counter type="INSTRUCTION" missed="7" covered="0"/><counter type="LINE" missed="1" covered="0"/><counter type="COMPLEXITY" missed="1" covered="0"/><counter type="METHOD" missed="1" covered="0"/></method><method name="createParserFactory" desc="(Ljava/util/Map;)Ljavax/json/stream/JsonParserFactory;" line="93"><counter type="INSTRUCTION" missed="25" covered="0"/><counter type="BRANCH" missed="6" covered="0"/><counter type="LINE" missed="6" covered="0"/><counter type="COMPLEXITY" missed="4" covered="0"/><counter type="METHOD" missed="1" covered="0"/></method><method name="createGeneratorFactory" desc="(Ljava/util/Map;)Ljavax/json/stream/JsonGeneratorFactory;" line="108"><counter type="INSTRUCTION" missed="53" covered="0"/><counter type="BRANCH" missed="6" covered="0"/><counter type="LINE" missed="13" covered="0"/><counter type="COMPLEXITY" missed="4" covered="0"/><counter type="METHOD" missed="1" covered="0"/></method><method name="createReader" desc="(Ljava/io/Reader;)Ljavax/json/JsonReader;" line="131"><counter type="INSTRUCTION" missed="7" covered="0"/><counter type="LINE" missed="1" covered="0"/><counter type="COMPLEXITY" missed="1" covered="0"/><counter type="METHOD" missed="1" covered="0"/></method><method name="createReader" desc="(Ljava/io/InputStream;)Ljavax/json/JsonReader;" line="136"><counter type="INSTRUCTION" missed="7" covered="0"/><counter type="LINE" missed="1" covered="0"/><counter type="COMPLEXITY" missed="1" covered="0"/><counter type="METHOD" missed="1" covered="0"/></method><method name="createWriter" desc="(Ljava/io/Writer;)Ljavax/json/JsonWriter;" line="141"><counter type="INSTRUCTION" missed="7" covered="0"/><counter type="LINE" missed="1" covered="0"/><counter type="COMPLEXITY" missed="1" covered="0"/><counter type="METHOD" missed="1" covered="0"/></method><method name="createWriter" desc="(Ljava/io/OutputStream;)Ljavax/json/JsonWriter;" line="146"><counter type="INSTRUCTION" missed="7" covered="0"/><counter type="LINE" missed="1" covered="0"/><counter type="COMPLEXITY" missed="1" covered="0"/><counter type="METHOD" missed="1" covered="0"/></method><method name="createWriterFactory" desc="(Ljava/util/Map;)Ljavax/json/JsonWriterFactory;" line="154"><counter type="INSTRUCTION" missed="53" covered="0"/><counter type="BRANCH" missed="6" covered="0"/><counter type="LINE" missed="13" covered="0"/><counter type="COMPLEXITY" missed="4" covered="0"/><counter type="METHOD" missed="1" covered="0"/></method><method name="createReaderFactory" desc="(Ljava/util/Map;)Ljavax/json/JsonReaderFactory;" line="176"><counter type="INSTRUCTION" missed="25" covered="0"/><counter type="BRANCH" missed="6" covered="0"/><counter type="LINE" missed="6" covered="0"/><counter type="COMPLEXITY" missed="4" covered="0"/><counter type="METHOD" missed="1" covered="0"/></method><method name="createObjectBuilder" desc="()Ljavax/json/JsonObjectBuilder;" line="188"><counter type="INSTRUCTION" missed="0" covered="6"/><counter type="LINE" missed="0" covered="1"/><counter type="COMPLEXITY" missed="0" covered="1"/><counter type="METHOD" missed="0" covered="1"/></method><method name="createObjectBuilder" desc="(Ljavax/json/JsonObject;)Ljavax/json/JsonObjectBuilder;" line="193"><counter type="INSTRUCTION" missed="7" covered="0"/><counter type="LINE" missed="1" covered="0"/><counter type="COMPLEXITY" missed="1" covered="0"/><counter type="METHOD" missed="1" covered="0"/></method><method name="createObjectBuilder" desc="(Ljava/util/Map;)Ljavax/json/JsonObjectBuilder;" line="198"><counter type="INSTRUCTION" missed="7" covered="0"/><counter type="LINE" missed="1" covered="0"/><counter type="COMPLEXITY" missed="1" covered="0"/><counter type="METHOD" missed="1" covered="0"/></method><method name="createArrayBuilder" desc="()Ljavax/json/JsonArrayBuilder;" line="203"><counter type="INSTRUCTION" missed="0" covered="6"/><counter type="LINE" missed="0" covered="1"/><counter type="COMPLEXITY" missed="0" covered="1"/><counter type="METHOD" missed="0" covered="1"/></method><method name="createArrayBuilder" desc="(Ljavax/json/JsonArray;)Ljavax/json/JsonArrayBuilder;" line="208"><counter type="INSTRUCTION" missed="7" covered="0"/><counter type="LINE" missed="1" covered="0"/><counter type="COMPLEXITY" missed="1" covered="0"/><counter type="METHOD" missed="1" covered="0"/></method><method name="createArrayBuilder" desc="(Ljava/util/Collection;)Ljavax/json/JsonArrayBuilder;" line="213"><counter type="INSTRUCTION" missed="7" covered="0"/><counter type="LINE" missed="1" covered="0"/><counter type="COMPLEXITY" missed="1" covered="0"/><counter type="METHOD" missed="1" covered="0"/></method><method name="createPointer" desc="(Ljava/lang/String;)Ljavax/json/JsonPointer;" line="218"><counter type="INSTRUCTION" missed="5" covered="0"/><counter type="LINE" missed="1" covered="0"/><counter type="COMPLEXITY" missed="1" covered="0"/><counter type="METHOD" missed="1" covered="0"/></method><method name="createPatchBuilder" desc="()Ljavax/json/JsonPatchBuilder;" line="223"><counter type="INSTRUCTION" missed="4" covered="0"/><counter type="LINE" missed="1" covered="0"/><counter type="COMPLEXITY" missed="1" covered="0"/><counter type="METHOD" missed="1" covered="0"/></method><method name="createPatchBuilder" desc="(Ljavax/json/JsonArray;)Ljavax/json/JsonPatchBuilder;" line="228"><counter type="INSTRUCTION" missed="5" covered="0"/><counter type="LINE" missed="1" covered="0"/><counter type="COMPLEXITY" missed="1" covered="0"/><counter type="METHOD" missed="1" covered="0"/></method><method name="createPatch" desc="(Ljavax/json/JsonArray;)Ljavax/json/JsonPatch;" line="233"><counter type="INSTRUCTION" missed="5" covered="0"/><counter type="LINE" missed="1" covered="0"/><counter type="COMPLEXITY" missed="1" covered="0"/><counter type="METHOD" missed="1" covered="0"/></method><method name="createDiff" desc="(Ljavax/json/JsonStructure;Ljavax/json/JsonStructure;)Ljavax/json/JsonPatch;" line="238"><counter type="INSTRUCTION" missed="7" covered="0"/><counter type="LINE" missed="1" covered="0"/><counter type="COMPLEXITY" missed="1" covered="0"/><counter type="METHOD" missed="1" covered="0"/></method><method name="createMergePatch" desc="(Ljavax/json/JsonValue;)Ljavax/json/JsonMergePatch;" line="243"><counter type="INSTRUCTION" missed="5" covered="0"/><counter type="LINE" missed="1" covered="0"/><counter type="COMPLEXITY" missed="1" covered="0"/><counter type="METHOD" missed="1" covered="0"/></method><method name="createMergeDiff" desc="(Ljavax/json/JsonValue;Ljavax/json/JsonValue;)Ljavax/json/JsonMergePatch;" line="248"><counter type="INSTRUCTION" missed="7" covered="0"/><counter type="LINE" missed="1" covered="0"/><counter type="COMPLEXITY" missed="1" covered="0"/><counter type="METHOD" missed="1" covered="0"/></method><method name="createValue" desc="(Ljava/lang/String;)Ljavax/json/JsonString;" line="253"><counter type="INSTRUCTION" missed="5" covered="0"/><counter type="LINE" missed="1" covered="0"/><counter type="COMPLEXITY" missed="1" covered="0"/><counter type="METHOD" missed="1" covered="0"/></method><method name="createValue" desc="(I)Ljavax/json/JsonNumber;" line="258"><counter type="INSTRUCTION" missed="3" covered="0"/><counter type="LINE" missed="1" covered="0"/><counter type="COMPLEXITY" missed="1" covered="0"/><counter type="METHOD" missed="1" covered="0"/></method><method name="createValue" desc="(J)Ljavax/json/JsonNumber;" line="263"><counter type="INSTRUCTION" missed="3" covered="0"/><counter type="LINE" missed="1" covered="0"/><counter type="COMPLEXITY" missed="1" covered="0"/><counter type="METHOD" missed="1" covered="0"/></method><method name="createValue" desc="(D)Ljavax/json/JsonNumber;" line="268"><counter type="INSTRUCTION" missed="3" covered="0"/><counter type="LINE" missed="1" covered="0"/><counter type="COMPLEXITY" missed="1" covered="0"/><counter type="METHOD" missed="1" covered="0"/></method><method name="createValue" desc="(Ljava/math/BigInteger;)Ljavax/json/JsonNumber;" line="273"><counter type="INSTRUCTION" missed="3" covered="0"/><counter type="LINE" missed="1" covered="0"/><counter type="COMPLEXITY" missed="1" covered="0"/><counter type="METHOD" missed="1" covered="0"/></method><method name="createValue" desc="(Ljava/math/BigDecimal;)Ljavax/json/JsonNumber;" line="278"><counter type="INSTRUCTION" missed="3" covered="0"/><counter type="LINE" missed="1" covered="0"/><counter type="COMPLEXITY" missed="1" covered="0"/><counter type="METHOD" missed="1" covered="0"/></method><method name="createBuilderFactory" desc="(Ljava/util/Map;)Ljavax/json/JsonBuilderFactory;" line="283"><counter type="INSTRUCTION" missed="25" covered="0"/><counter type="BRANCH" missed="6" covered="0"/><counter type="LINE" missed="6" covered="0"/><counter type="COMPLEXITY" missed="4" covered="0"/><counter type="METHOD" missed="1" covered="0"/></method><method name="isPrettyPrintingEnabled" desc="(Ljava/util/Map;)Z" line="294"><counter type="INSTRUCTION" missed="4" covered="0"/><counter type="LINE" missed="1" covered="0"/><counter type="COMPLEXITY" missed="1" covered="0"/><counter type="METHOD" missed="1" covered="0"/></method><counter type="INSTRUCTION" missed="327" covered="20"/><counter type="BRANCH" missed="30" covered="0"/><counter type="LINE" missed="70" covered="4"/><counter type="COMPLEXITY" missed="46" covered="3"/><counter type="METHOD" missed="31" covered="3"/><counter type="CLASS" missed="0" covered="1"/></class><class name="org/glassfish/json/JsonGeneratorImpl$Scope" sourcefilename="JsonGeneratorImpl.java"><method name="&lt;clinit&gt;" desc="()V" line="100"><counter type="INSTRUCTION" missed="0" covered="44"/><counter type="LINE" missed="0" covered="5"/><counter type="COMPLEXITY" missed="0" covered="1"/><counter type="METHOD" missed="0" covered="1"/></method><counter type="INSTRUCTION" missed="0" covered="44"/><counter type="LINE" missed="0" covered="5"/><counter type="COMPLEXITY" missed="0" covered="1"/><counter type="METHOD" missed="0" covered="1"/><counter type="CLASS" missed="0" covered="1"/></class><class name="org/glassfish/json/JsonObjectBuilderImpl" sourcefilename="JsonObjectBuilderImpl.java"><method name="&lt;init&gt;" desc="(Lorg/glassfish/json/api/BufferPool;)V" line="63"><counter type="INSTRUCTION" missed="0" covered="6"/><counter type="LINE" missed="0" covered="3"/><counter type="COMPLEXITY" missed="0" covered="1"/><counter type="METHOD" missed="0" covered="1"/></method><method name="&lt;init&gt;" desc="(Ljavax/json/JsonObject;Lorg/glassfish/json/api/BufferPool;)V" line="67"><counter type="INSTRUCTION" missed="15" covered="0"/><counter type="LINE" missed="5" covered="0"/><counter type="COMPLEXITY" missed="1" covered="0"/><counter type="METHOD" missed="1" covered="0"/></method><method name="&lt;init&gt;" desc="(Ljava/util/Map;Lorg/glassfish/json/api/BufferPool;)V" line="73"><counter type="INSTRUCTION" missed="14" covered="0"/><counter type="LINE" missed="5" covered="0"/><counter type="COMPLEXITY" missed="1" covered="0"/><counter type="METHOD" missed="1" covered="0"/></method><method name="add" desc="(Ljava/lang/String;Ljavax/json/JsonValue;)Ljavax/json/JsonObjectBuilder;" line="81"><counter type="INSTRUCTION" missed="12" covered="0"/><counter type="LINE" missed="4" covered="0"/><counter type="COMPLEXITY" missed="1" covered="0"/><counter type="METHOD" missed="1" covered="0"/></method><method name="add" desc="(Ljava/lang/String;Ljava/lang/String;)Ljavax/json/JsonObjectBuilder;" line="89"><counter type="INSTRUCTION" missed="0" covered="15"/><counter type="LINE" missed="0" covered="4"/><counter type="COMPLEXITY" missed="0" covered="1"/><counter type="METHOD" missed="0" covered="1"/></method><method name="add" desc="(Ljava/lang/String;Ljava/math/BigInteger;)Ljavax/json/JsonObjectBuilder;" line="97"><counter type="INSTRUCTION" missed="13" covered="0"/><counter type="LINE" missed="4" covered="0"/><counter type="COMPLEXITY" missed="1" covered="0"/><counter type="METHOD" missed="1" covered="0"/></method><method name="add" desc="(Ljava/lang/String;Ljava/math/BigDecimal;)Ljavax/json/JsonObjectBuilder;" line="105"><counter type="INSTRUCTION" missed="13" covered="0"/><counter type="LINE" missed="4" covered="0"/><counter type="COMPLEXITY" missed="1" covered="0"/><counter type="METHOD" missed="1" covered="0"/></method><method name="add" desc="(Ljava/lang/String;I)Ljavax/json/JsonObjectBuilder;" line="113"><counter type="INSTRUCTION" missed="0" covered="10"/><counter type="LINE" missed="0" covered="3"/><counter type="COMPLEXITY" missed="0" covered="1"/><counter type="METHOD" missed="0" covered="1"/></method><method name="add" desc="(Ljava/lang/String;J)Ljavax/json/JsonObjectBuilder;" line="120"><counter type="INSTRUCTION" missed="10" covered="0"/><counter type="LINE" missed="3" covered="0"/><counter type="COMPLEXITY" missed="1" covered="0"/><counter type="METHOD" missed="1" covered="0"/></method><method name="add" desc="(Ljava/lang/String;D)Ljavax/json/JsonObjectBuilder;" line="127"><counter type="INSTRUCTION" missed="10" covered="0"/><counter type="LINE" missed="3" covered="0"/><counter type="COMPLEXITY" missed="1" covered="0"/><counter type="METHOD" missed="1" covered="0"/></method><method name="add" desc="(Ljava/lang/String;Z)Ljavax/json/JsonObjectBuilder;" line="134"><counter type="INSTRUCTION" missed="13" covered="0"/><counter type="BRANCH" missed="2" covered="0"/><counter type="LINE" missed="3" covered="0"/><counter type="COMPLEXITY" missed="2" covered="0"/><counter type="METHOD" missed="1" covered="0"/></method><method name="addNull" desc="(Ljava/lang/String;)Ljavax/json/JsonObjectBuilder;" line="141"><counter type="INSTRUCTION" missed="9" covered="0"/><counter type="LINE" missed="3" covered="0"/><counter type="COMPLEXITY" missed="1" covered="0"/><counter type="METHOD" missed="1" covered="0"/></method><method name="add" desc="(Ljava/lang/String;Ljavax/json/JsonObjectBuilder;)Ljavax/json/JsonObjectBuilder;" line="148"><counter type="INSTRUCTION" missed="5" covered="12"/><counter type="BRANCH" missed="1" covered="1"/><counter type="LINE" missed="1" covered="4"/><counter type="COMPLEXITY" missed="1" covered="1"/><counter type="METHOD" missed="0" covered="1"/></method><method name="add" desc="(Ljava/lang/String;Ljavax/json/JsonArrayBuilder;)Ljavax/json/JsonObjectBuilder;" line="158"><counter type="INSTRUCTION" missed="5" covered="12"/><counter type="BRANCH" missed="1" covered="1"/><counter type="LINE" missed="1" covered="4"/><counter type="COMPLEXITY" missed="1" covered="1"/><counter type="METHOD" missed="0" covered="1"/></method><method name="addAll" desc="(Ljavax/json/JsonObjectBuilder;)Ljavax/json/JsonObjectBuilder;" line="168"><counter type="INSTRUCTION" missed="22" covered="0"/><counter type="BRANCH" missed="4" covered="0"/><counter type="LINE" missed="6" covered="0"/><counter type="COMPLEXITY" missed="3" covered="0"/><counter type="METHOD" missed="1" covered="0"/></method><method name="remove" desc="(Ljava/lang/String;)Ljavax/json/JsonObjectBuilder;" line="180"><counter type="INSTRUCTION" missed="10" covered="0"/><counter type="LINE" missed="3" covered="0"/><counter type="COMPLEXITY" missed="1" covered="0"/><counter type="METHOD" missed="1" covered="0"/></method><method name="build" desc="()Ljavax/json/JsonObject;" line="187"><counter type="INSTRUCTION" missed="2" covered="17"/><counter type="BRANCH" missed="1" covered="1"/><counter type="LINE" missed="1" covered="4"/><counter type="COMPLEXITY" missed="1" covered="1"/><counter type="METHOD" missed="0" covered="1"/></method><method name="populate" desc="(Ljava/util/Map;)V" line="195"><counter type="INSTRUCTION" missed="40" covered="0"/><counter type="BRANCH" missed="6" covered="0"/><counter type="LINE" missed="8" covered="0"/><counter type="COMPLEXITY" missed="4" covered="0"/><counter type="METHOD" missed="1" covered="0"/></method><method name="putValueMap" desc="(Ljava/lang/String;Ljavax/json/JsonValue;)V" line="208"><counter type="INSTRUCTION" missed="0" covered="15"/><counter type="BRANCH" missed="0" covered="2"/><counter type="LINE" missed="0" covered="4"/><counter type="COMPLEXITY" missed="0" covered="2"/><counter type="METHOD" missed="0" covered="1"/></method><method name="validateName" desc="(Ljava/lang/String;)V" line="215"><counter type="INSTRUCTION" missed="5" covered="3"/><counter type="BRANCH" missed="1" covered="1"/><counter type="LINE" missed="1" covered="2"/><counter type="COMPLEXITY" missed="1" covered="1"/><counter type="METHOD" missed="0" covered="1"/></method><method name="validateValue" desc="(Ljava/lang/Object;)V" line="221"><counter type="INSTRUCTION" missed="5" covered="3"/><counter type="BRANCH" missed="1" covered="1"/><counter type="LINE" missed="1" covered="2"/><counter type="COMPLEXITY" missed="1" covered="1"/><counter type="METHOD" missed="0" covered="1"/></method><method name="lambda$populate$0" desc="(Ljava/lang/String;Ljava/lang/Object;)V" line="200"><counter type="INSTRUCTION" missed="11" covered="0"/><counter type="LINE" missed="1" covered="0"/><counter type="COMPLEXITY" missed="1" covered="0"/><counter type="METHOD" missed="1" covered="0"/></method><counter type="INSTRUCTION" missed="214" covered="93"/><counter type="BRANCH" missed="17" covered="7"/><counter type="LINE" missed="57" covered="30"/><counter type="COMPLEXITY" missed="24" covered="10"/><counter type="METHOD" missed="13" covered="9"/><counter type="CLASS" missed="0" covered="1"/></class><class name="org/glassfish/json/JsonNumberImpl" sourcefilename="JsonNumberImpl.java"><method name="&lt;init&gt;" desc="()V" line="53"><counter type="INSTRUCTION" missed="0" covered="3"/><counter type="LINE" missed="0" covered="1"/><counter type="COMPLEXITY" missed="0" covered="1"/><counter type="METHOD" missed="0" covered="1"/></method><method name="getJsonNumber" desc="(I)Ljavax/json/JsonNumber;" line="56"><counter type="INSTRUCTION" missed="0" covered="5"/><counter type="LINE" missed="0" covered="1"/><counter type="COMPLEXITY" missed="0" covered="1"/><counter type="METHOD" missed="0" covered="1"/></method><method name="getJsonNumber" desc="(J)Ljavax/json/JsonNumber;" line="60"><counter type="INSTRUCTION" missed="5" covered="0"/><counter type="LINE" missed="1" covered="0"/><counter type="COMPLEXITY" missed="1" covered="0"/><counter type="METHOD" missed="1" covered="0"/></method><method name="getJsonNumber" desc="(Ljava/math/BigInteger;)Ljavax/json/JsonNumber;" line="64"><counter type="INSTRUCTION" missed="8" covered="0"/><counter type="LINE" missed="1" covered="0"/><counter type="COMPLEXITY" missed="1" covered="0"/><counter type="METHOD" missed="1" covered="0"/></method><method name="getJsonNumber" desc="(D)Ljavax/json/JsonNumber;" line="70"><counter type="INSTRUCTION" missed="0" covered="6"/><counter type="LINE" missed="0" covered="1"/><counter type="COMPLEXITY" missed="0" covered="1"/><counter type="METHOD" missed="0" covered="1"/></method><method name="getJsonNumber" desc="(Ljava/math/BigDecimal;)Ljavax/json/JsonNumber;" line="74"><counter type="INSTRUCTION" missed="5" covered="0"/><counter type="LINE" missed="1" covered="0"/><counter type="COMPLEXITY" missed="1" covered="0"/><counter type="METHOD" missed="1" covered="0"/></method><method name="isIntegral" desc="()Z" line="222"><counter type="INSTRUCTION" missed="8" covered="0"/><counter type="BRANCH" missed="2" covered="0"/><counter type="LINE" missed="1" covered="0"/><counter type="COMPLEXITY" missed="2" covered="0"/><counter type="METHOD" missed="1" covered="0"/></method><method name="intValue" desc="()I" line="227"><counter type="INSTRUCTION" missed="4" covered="0"/><counter type="LINE" missed="1" covered="0"/><counter type="COMPLEXITY" missed="1" covered="0"/><counter type="METHOD" missed="1" covered="0"/></method><method name="intValueExact" desc="()I" line="232"><counter type="INSTRUCTION" missed="4" covered="0"/><counter type="LINE" missed="1" covered="0"/><counter type="COMPLEXITY" missed="1" covered="0"/><counter type="METHOD" missed="1" covered="0"/></method><method name="longValue" desc="()J" line="237"><counter type="INSTRUCTION" missed="4" covered="0"/><counter type="LINE" missed="1" covered="0"/><counter type="COMPLEXITY" missed="1" covered="0"/><counter type="METHOD" missed="1" covered="0"/></method><method name="longValueExact" desc="()J" line="242"><counter type="INSTRUCTION" missed="4" covered="0"/><counter type="LINE" missed="1" covered="0"/><counter type="COMPLEXITY" missed="1" covered="0"/><counter type="METHOD" missed="1" covered="0"/></method><method name="doubleValue" desc="()D" line="247"><counter type="INSTRUCTION" missed="4" covered="0"/><counter type="LINE" missed="1" covered="0"/><counter type="COMPLEXITY" missed="1" covered="0"/><counter type="METHOD" missed="1" covered="0"/></method><method name="bigIntegerValue" desc="()Ljava/math/BigInteger;" line="252"><counter type="INSTRUCTION" missed="4" covered="0"/><counter type="LINE" missed="1" covered="0"/><counter type="COMPLEXITY" missed="1" covered="0"/><counter type="METHOD" missed="1" covered="0"/></method><method name="bigIntegerValueExact" desc="()Ljava/math/BigInteger;" line="257"><counter type="INSTRUCTION" missed="4" covered="0"/><counter type="LINE" missed="1" covered="0"/><counter type="COMPLEXITY" missed="1" covered="0"/><counter type="METHOD" missed="1" covered="0"/></method><method name="getValueType" desc="()Ljavax/json/JsonValue$ValueType;" line="262"><counter type="INSTRUCTION" missed="0" covered="2"/><counter type="LINE" missed="0" covered="1"/><counter type="COMPLEXITY" missed="0" covered="1"/><counter type="METHOD" missed="0" covered="1"/></method><method name="hashCode" desc="()I" line="267"><counter type="INSTRUCTION" missed="4" covered="0"/><counter type="LINE" missed="1" covered="0"/><counter type="COMPLEXITY" missed="1" covered="0"/><counter type="METHOD" missed="1" covered="0"/></method><method name="equals" desc="(Ljava/lang/Object;)Z" line="272"><counter type="INSTRUCTION" missed="19" covered="0"/><counter type="BRANCH" missed="4" covered="0"/><counter type="LINE" missed="6" covered="0"/><counter type="COMPLEXITY" missed="3" covered="0"/><counter type="METHOD" missed="1" covered="0"/></method><method name="toString" desc="()Ljava/lang/String;" line="284"><counter type="INSTRUCTION" missed="0" covered="4"/><counter type="LINE" missed="0" covered="1"/><counter type="COMPLEXITY" missed="0" covered="1"/><counter type="METHOD" missed="0" covered="1"/></method><counter type="INSTRUCTION" missed="77" covered="20"/><counter type="BRANCH" missed="6" covered="0"/><counter type="LINE" missed="18" covered="5"/><counter type="COMPLEXITY" missed="16" covered="5"/><counter type="METHOD" missed="13" covered="5"/><counter type="CLASS" missed="0" covered="1"/></class><class name="org/glassfish/json/JsonGeneratorImpl" sourcefilename="JsonGeneratorImpl.java"><method name="&lt;init&gt;" desc="(Ljava/io/Writer;Lorg/glassfish/json/api/BufferPool;)V" line="109"><counter type="INSTRUCTION" missed="0" covered="27"/><counter type="LINE" missed="0" covered="8"/><counter type="COMPLEXITY" missed="0" covered="1"/><counter type="METHOD" missed="0" covered="1"/></method><method name="&lt;init&gt;" desc="(Ljava/io/OutputStream;Lorg/glassfish/json/api/BufferPool;)V" line="125"><counter type="INSTRUCTION" missed="6" covered="0"/><counter type="LINE" missed="2" covered="0"/><counter type="COMPLEXITY" missed="1" co
[...]
"(Ljava/lang/String;)Ljavax/json/JsonString;" line="79"><counter type="INSTRUCTION" missed="5" covered="0"/><counter type="LINE" missed="1" covered="0"/><counter type="COMPLEXITY" missed="1" covered="0"/><counter type="METHOD" missed="1" covered="0"/></method><method name="getString" desc="(Ljava/lang/String;)Ljava/lang/String;" line="84"><counter type="INSTRUCTION" missed="5" covered="0"/><counter type="LINE" missed="1" covered="0"/><counter type="COMPLEXITY" missed="1" covered="0"/><counter type="METHOD" missed="1" covered="0"/></method><method name="getString" desc="(Ljava/lang/String;Ljava/lang/String;)Ljava/lang/String;" line="89"><counter type="INSTRUCTION" missed="2" covered="0"/><counter type="LINE" missed="1" covered="0"/><counter type="COMPLEXITY" missed="1" covered="0"/><counter type="METHOD" missed="1" covered="0"/></method><method name="getInt" desc="(Ljava/lang/String;)I" line="94"><counter type="INSTRUCTION" missed="5" covered="0"/><counter type="LINE" missed="1" covered="0"/><counter type="COMPLEXITY" missed="1" covered="0"/><counter type="METHOD" missed="1" covered="0"/></method><method name="getInt" desc="(Ljava/lang/String;I)I" line="99"><counter type="INSTRUCTION" missed="2" covered="0"/><counter type="LINE" missed="1" covered="0"/><counter type="COMPLEXITY" missed="1" covered="0"/><counter type="METHOD" missed="1" covered="0"/></method><method name="getBoolean" desc="(Ljava/lang/String;)Z" line="104"><counter type="INSTRUCTION" missed="4" covered="0"/><counter type="LINE" missed="1" covered="0"/><counter type="COMPLEXITY" missed="1" covered="0"/><counter type="METHOD" missed="1" covered="0"/></method><method name="getBoolean" desc="(Ljava/lang/String;Z)Z" line="109"><counter type="INSTRUCTION" missed="2" covered="0"/><counter type="LINE" missed="1" covered="0"/><counter type="COMPLEXITY" missed="1" covered="0"/><counter type="METHOD" missed="1" covered="0"/></method><method name="isNull" desc="(Ljava/lang/String;)Z" line="114"><counter type="INSTRUCTION" missed="4" covered="0"/><counter type="LINE" missed="1" covered="0"/><counter type="COMPLEXITY" missed="1" covered="0"/><counter type="METHOD" missed="1" covered="0"/></method><method name="getValueType" desc="()Ljavax/json/JsonValue$ValueType;" line="119"><counter type="INSTRUCTION" missed="2" covered="0"/><counter type="LINE" missed="1" covered="0"/><counter type="COMPLEXITY" missed="1" covered="0"/><counter type="METHOD" missed="1" covered="0"/></method><method name="readResolve" desc="()Ljava/lang/Object;" line="124"><counter type="INSTRUCTION" missed="2" covered="0"/><counter type="LINE" missed="1" covered="0"/><counter type="COMPLEXITY" missed="1" covered="0"/><counter type="METHOD" missed="1" covered="0"/></method><counter type="INSTRUCTION" missed="50" covered="3"/><counter type="LINE" missed="14" covered="1"/><counter type="COMPLEXITY" missed="14" covered="1"/><counter type="METHOD" missed="14" covered="1"/><counter type="CLASS" missed="0" covered="1"/></class><class name="javax/json/JsonMergePatch" sourcefilename="JsonMergePatch.java"/><class name="javax/json/JsonValue" sourcefilename="JsonValue.java"><method name="asJsonObject" desc="()Ljavax/json/JsonObject;" line="141"><counter type="INSTRUCTION" missed="5" covered="0"/><counter type="LINE" missed="1" covered="0"/><counter type="COMPLEXITY" missed="1" covered="0"/><counter type="METHOD" missed="1" covered="0"/></method><method name="asJsonArray" desc="()Ljavax/json/JsonArray;" line="153"><counter type="INSTRUCTION" missed="5" covered="0"/><counter type="LINE" missed="1" covered="0"/><counter type="COMPLEXITY" missed="1" covered="0"/><counter type="METHOD" missed="1" covered="0"/></method><method name="&lt;clinit&gt;" desc="()V" line="61"><counter type="INSTRUCTION" missed="0" covered="24"/><counter type="LINE" missed="0" covered="5"/><counter type="COMPLEXITY" missed="0" covered="1"/><counter type="METHOD" missed="0" covered="1"/></method><counter type="INSTRUCTION" missed="10" covered="24"/><counter type="LINE" missed="2" covered="5"/><counter type="COMPLEXITY" missed="2" covered="1"/><counter type="METHOD" missed="2" covered="1"/><counter type="CLASS" missed="0" covered="1"/></class><class name="javax/json/JsonReader" sourcefilename="JsonReader.java"><method name="readValue" desc="()Ljavax/json/JsonValue;" line="144"><counter type="INSTRUCTION" missed="4" covered="0"/><counter type="LINE" missed="1" covered="0"/><counter type="COMPLEXITY" missed="1" covered="0"/><counter type="METHOD" missed="1" covered="0"/></method><counter type="INSTRUCTION" missed="4" covered="0"/><counter type="LINE" missed="1" covered="0"/><counter type="COMPLEXITY" missed="1" covered="0"/><counter type="METHOD" missed="1" covered="0"/><counter type="CLASS" missed="1" covered="0"/></class><class name="javax/json/JsonWriter" sourcefilename="JsonWriter.java"><method name="write" desc="(Ljavax/json/JsonValue;)V" line="141"><counter type="INSTRUCTION" missed="4" covered="0"/><counter type="LINE" missed="1" covered="0"/><counter type="COMPLEXITY" missed="1" covered="0"/><counter type="METHOD" missed="1" covered="0"/></method><counter type="INSTRUCTION" missed="4" covered="0"/><counter type="LINE" missed="1" covered="0"/><counter type="COMPLEXITY" missed="1" covered="0"/><counter type="METHOD" missed="1" covered="0"/><counter type="CLASS" missed="1" covered="0"/></class><class name="javax/json/JsonValue$ValueType" sourcefilename="JsonValue.java"><method name="&lt;clinit&gt;" desc="()V" line="73"><counter type="INSTRUCTION" missed="0" covered="74"/><counter type="LINE" missed="0" covered="8"/><counter type="COMPLEXITY" missed="0" covered="1"/><counter type="METHOD" missed="0" covered="1"/></method><counter type="INSTRUCTION" missed="0" covered="74"/><counter type="LINE" missed="0" covered="8"/><counter type="COMPLEXITY" missed="0" covered="1"/><counter type="METHOD" missed="0" covered="1"/><counter type="CLASS" missed="0" covered="1"/></class><class name="javax/json/JsonReaderFactory" sourcefilename="JsonReaderFactory.java"/><class name="javax/json/JsonStructure" sourcefilename="JsonStructure.java"><method name="getValue" desc="(Ljava/lang/String;)Ljavax/json/JsonValue;" line="60"><counter type="INSTRUCTION" missed="5" covered="0"/><counter type="LINE" missed="1" covered="0"/><counter type="COMPLEXITY" missed="1" covered="0"/><counter type="METHOD" missed="1" covered="0"/></method><counter type="INSTRUCTION" missed="5" covered="0"/><counter type="LINE" missed="1" covered="0"/><counter type="COMPLEXITY" missed="1" covered="0"/><counter type="METHOD" missed="1" covered="0"/><counter type="CLASS" missed="1" covered="0"/></class><class name="javax/json/JsonValueImpl" sourcefilename="JsonValueImpl.java"><method name="&lt;init&gt;" desc="(Ljavax/json/JsonValue$ValueType;)V" line="55"><counter type="INSTRUCTION" missed="0" covered="6"/><counter type="LINE" missed="0" covered="3"/><counter type="COMPLEXITY" missed="0" covered="1"/><counter type="METHOD" missed="0" covered="1"/></method><method name="getValueType" desc="()Ljavax/json/JsonValue$ValueType;" line="66"><counter type="INSTRUCTION" missed="3" covered="0"/><counter type="LINE" missed="1" covered="0"/><counter type="COMPLEXITY" missed="1" covered="0"/><counter type="METHOD" missed="1" covered="0"/></method><method name="equals" desc="(Ljava/lang/Object;)Z" line="81"><counter type="INSTRUCTION" missed="17" covered="0"/><counter type="BRANCH" missed="4" covered="0"/><counter type="LINE" missed="5" covered="0"/><counter type="COMPLEXITY" missed="3" covered="0"/><counter type="METHOD" missed="1" covered="0"/></method><method name="hashCode" desc="()I" line="99"><counter type="INSTRUCTION" missed="4" covered="0"/><counter type="LINE" missed="1" covered="0"/><counter type="COMPLEXITY" missed="1" covered="0"/><counter type="METHOD" missed="1" covered="0"/></method><method name="toString" desc="()Ljava/lang/String;" line="104"><counter type="INSTRUCTION" missed="5" covered="0"/><counter type="LINE" missed="1" covered="0"/><counter type="COMPLEXITY" missed="1" covered="0"/><counter type="METHOD" missed="1" covered="0"/></method><counter type="INSTRUCTION" missed="29" covered="6"/><counter type="BRANCH" missed="4" covered="0"/><counter type="LINE" missed="8" covered="3"/><counter type="COMPLEXITY" missed="6" covered="1"/><counter type="METHOD" missed="4" covered="1"/><counter type="CLASS" missed="0" covered="1"/></class><class name="javax/json/JsonArray" sourcefilename="JsonArray.java"><method name="getValuesAs" desc="(Ljava/util/function/Function;)Ljava/util/List;" line="203"><counter type="INSTRUCTION" missed="10" covered="0"/><counter type="LINE" missed="2" covered="0"/><counter type="COMPLEXITY" missed="1" covered="0"/><counter type="METHOD" missed="1" covered="0"/></method><counter type="INSTRUCTION" missed="10" covered="0"/><counter type="LINE" missed="2" covered="0"/><counter type="COMPLEXITY" missed="1" covered="0"/><counter type="METHOD" missed="1" covered="0"/><counter type="CLASS" missed="1" covered="0"/></class><class name="javax/json/JsonString" sourcefilename="JsonString.java"/><sourcefile name="JsonObject.java"/><sourcefile name="EmptyObject.java"><line nr="53" mi="0" ci="3" mb="0" cb="0"/><line nr="59" mi="2" ci="0" mb="0" cb="0"/><line nr="64" mi="5" ci="0" mb="0" cb="0"/><line nr="69" mi="5" ci="0" mb="0" cb="0"/><line nr="74" mi="5" ci="0" mb="0" cb="0"/><line nr="79" mi="5" ci="0" mb="0" cb="0"/><line nr="84" mi="5" ci="0" mb="0" cb="0"/><line nr="89" mi="2" ci="0" mb="0" cb="0"/><line nr="94" mi="5" ci="0" mb="0" cb="0"/><line nr="99" mi="2" ci="0" mb="0" cb="0"/><line nr="104" mi="4" ci="0" mb="0" cb="0"/><line nr="109" mi="2" ci="0" mb="0" cb="0"/><line nr="114" mi="4" ci="0" mb="0" cb="0"/><line nr="119" mi="2" ci="0" mb="0" cb="0"/><line nr="124" mi="2" ci="0" mb="0" cb="0"/><counter type="INSTRUCTION" missed="50" covered="3"/><counter type="LINE" missed="14" covered="1"/><counter type="COMPLEXITY" missed="14" covered="1"/><counter type="METHOD" missed="14" covered="1"/><counter type="CLASS" missed="0" covered="1"/></sourcefile><sourcefile name="JsonException.java"><line nr="58" mi="3" ci="0" mb="0" cb="0"/><line nr="59" mi="1" ci="0" mb="0" cb="0"/><line nr="75" mi="4" ci="0" mb="0" cb="0"/><line nr="76" mi="1" ci="0" mb="0" cb="0"/><counter type="INSTRUCTION" missed="9" covered="0"/><counter type="LINE" missed="4" covered="0"/><counter type="COMPLEXITY" missed="2" covered="0"/><counter type="METHOD" missed="2" covered="0"/><counter type="CLASS" missed="1" covered="0"/></sourcefile><sourcefile name="JsonArray.java"><line nr="203" mi="3" ci="0" mb="0" cb="0"/><line nr="204" mi="7" ci="0" mb="0" cb="0"/><counter type="INSTRUCTION" missed="10" covered="0"/><counter type="LINE" missed="2" covered="0"/><counter type="COMPLEXITY" missed="1" covered="0"/><counter type="METHOD" missed="1" covered="0"/><counter type="CLASS" missed="1" covered="0"/></sourcefile><sourcefile name="JsonPatch.java"/><sourcefile name="JsonValueImpl.java"><line nr="55" mi="0" ci="2" mb="0" cb="0"/><line nr="56" mi="0" ci="3" mb="0" cb="0"/><line nr="57" mi="0" ci="1" mb="0" cb="0"/><line nr="66" mi="3" ci="0" mb="0" cb="0"/><line nr="81" mi="3" ci="0" mb="2" cb="0"/><line nr="82" mi="2" ci="0" mb="0" cb="0"/><line nr="84" mi="3" ci="0" mb="2" cb="0"/><line nr="85" mi="7" ci="0" mb="0" cb="0"/><line nr="87" mi="2" ci="0" mb="0" cb="0"/><line nr="99" mi="4" ci="0" mb="0" cb="0"/><line nr="104" mi="5" ci="0" mb="0" cb="0"/><counter type="INSTRUCTION" missed="29" covered="6"/><counter type="BRANCH" missed="4" covered="0"/><counter type="LINE" missed="8" covered="3"/><counter type="COMPLEXITY" missed="6" covered="1"/><counter type="METHOD" missed="4" covered="1"/><counter type="CLASS" missed="0" covered="1"/></sourcefile><sourcefile name="JsonBuilderFactory.java"><line nr="95" mi="4" ci="0" mb="0" cb="0"/><line nr="108" mi="4" ci="0" mb="0" cb="0"/><line nr="129" mi="4" ci="0" mb="0" cb="0"/><line nr="143" mi="4" ci="0" mb="0" cb="0"/><counter type="INSTRUCTION" missed="16" covered="0"/><counter type="LINE" missed="4" covered="0"/><counter type="COMPLEXITY" missed="4" covered="0"/><counter type="METHOD" missed="4" covered="0"/><counter type="CLASS" missed="1" covered="0"/></sourcefile><sourcefile name="EmptyArray.java"><line nr="53" mi="0" ci="3" mb="0" cb="0"/><line nr="59" mi="12" ci="0" mb="0" cb="0"/><line nr="64" mi="2" ci="0" mb="0" cb="0"/><line nr="69" mi="5" ci="0" mb="0" cb="0"/><line nr="74" mi="5" ci="0" mb="0" cb="0"/><line nr="79" mi="5" ci="0" mb="0" cb="0"/><line nr="84" mi="5" ci="0" mb="0" cb="0"/><line nr="89" mi="2" ci="0" mb="0" cb="0"/><line nr="94" mi="5" ci="0" mb="0" cb="0"/><line nr="99" mi="2" ci="0" mb="0" cb="0"/><line nr="104" mi="5" ci="0" mb="0" cb="0"/><line nr="109" mi="2" ci="0" mb="0" cb="0"/><line nr="114" mi="9" ci="0" mb="2" cb="0"/><line nr="119" mi="2" ci="0" mb="0" cb="0"/><line nr="124" mi="9" ci="0" mb="2" cb="0"/><line nr="129" mi="2" ci="0" mb="0" cb="0"/><line nr="134" mi="2" ci="0" mb="0" cb="0"/><counter type="INSTRUCTION" missed="74" covered="3"/><counter type="BRANCH" missed="4" covered="0"/><counter type="LINE" missed="16" covered="1"/><counter type="COMPLEXITY" missed="18" covered="1"/><counter type="METHOD" missed="16" covered="1"/><counter type="CLASS" missed="0" covered="1"/></sourcefile><sourcefile name="JsonArrayBuilder.java"><line nr="220" mi="4" ci="0" mb="0" cb="0"/><line nr="238" mi="4" ci="0" mb="0" cb="0"/><line nr="256" mi="4" ci="0" mb="0" cb="0"/><line nr="276" mi="4" ci="0" mb="0" cb="0"/><line nr="296" mi="4" ci="0" mb="0" cb="0"/><line nr="315" mi="4" ci="0" mb="0" cb="0"/><line nr="334" mi="4" ci="0" mb="0" cb="0"/><line nr="355" mi="4" ci="0" mb="0" cb="0"/><line nr="373" mi="4" ci="0" mb="0" cb="0"/><line nr="389" mi="5" ci="0" mb="0" cb="0"/><line nr="407" mi="4" ci="0" mb="0" cb="0"/><line nr="425" mi="4" ci="0" mb="0" cb="0"/><line nr="442" mi="4" ci="0" mb="0" cb="0"/><line nr="459" mi="4" ci="0" mb="0" cb="0"/><line nr="478" mi="4" ci="0" mb="0" cb="0"/><line nr="497" mi="4" ci="0" mb="0" cb="0"/><line nr="515" mi="4" ci="0" mb="0" cb="0"/><line nr="533" mi="4" ci="0" mb="0" cb="0"/><line nr="553" mi="4" ci="0" mb="0" cb="0"/><line nr="570" mi="4" ci="0" mb="0" cb="0"/><line nr="585" mi="5" ci="0" mb="0" cb="0"/><line nr="602" mi="4" ci="0" mb="0" cb="0"/><line nr="619" mi="4" ci="0" mb="0" cb="0"/><line nr="635" mi="4" ci="0" mb="0" cb="0"/><counter type="INSTRUCTION" missed="98" covered="0"/><counter type="LINE" missed="24" covered="0"/><counter type="COMPLEXITY" missed="24" covered="0"/><counter type="METHOD" missed="24" covered="0"/><counter type="CLASS" missed="1" covered="0"/></sourcefile><sourcefile name="JsonWriter.java"><line nr="141" mi="4" ci="0" mb="0" cb="0"/><counter type="INSTRUCTION" missed="4" covered="0"/><counter type="LINE" missed="1" covered="0"/><counter type="COMPLEXITY" missed="1" covered="0"/><counter type="METHOD" missed="1" covered="0"/><counter type="CLASS" missed="1" covered="0"/></sourcefile><sourcefile name="JsonNumber.java"><line nr="174" mi="4" ci="0" mb="0" cb="0"/><counter type="INSTRUCTION" missed="4" covered="0"/><counter type="LINE" missed="1" covered="0"/><counter type="COMPLEXITY" missed="1" covered="0"/><counter type="METHOD" missed="1" covered="0"/><counter type="CLASS" missed="1" covered="0"/></sourcefile><sourcefile name="JsonPointer.java"/><sourcefile name="JsonPatchBuilder.java"/><sourcefile name="JsonValue.java"><line nr="61" mi="0" ci="4" mb="0" cb="0"/><line nr="68" mi="0" ci="4" mb="0" cb="0"/><line nr="73" mi="0" ci="32" mb="0" cb="0"/><line nr="77" mi="0" ci="6" mb="0" cb="0"/><line nr="82" mi="0" ci="6" mb="0" cb="0"/><line nr="87" mi="0" ci="6" mb="0" cb="0"/><line nr="92" mi="0" ci="6" mb="0" cb="0"/><line nr="97" mi="0" ci="6" mb="0" cb="0"/><line nr="102" mi="0" ci="6" mb="0" cb="0"/><line nr="107" mi="0" ci="6" mb="0" cb="0"/><line nr="113" mi="0" ci="5" mb="0" cb="0"/><line nr="118" mi="0" ci="5" mb="0" cb="0"/><line nr="123" mi="0" ci="6" mb="0" cb="0"/><line nr="141" mi="5" ci="0" mb="0" cb="0"/><line nr="153" mi="5" ci="0" mb="0" cb="0"/><counter type="INSTRUCTION" missed="10" covered="98"/><counter type="LINE" missed="2" covered="13"/><counter type="COMPLEXITY" missed="2" covered="2"/><counter type="METHOD" missed="2" covered="2"/><counter type="CLASS" missed="0" covered="2"/></sourcefile><sourcefile name="JsonMergePatch.java"/><sourcefile name="JsonString.java"/><sourcefile name="JsonWriterFactory.java"/><sourcefile name="JsonStructure.java"><line nr="60" mi="5" ci="0" mb="0" cb="0"/><counter type="INSTRUCTION" missed="5" covered="0"/><counter type="LINE" missed="1" covered="0"/><counter type="COMPLEXITY" missed="1" covered="0"/><counter type="METHOD" missed="1" covered="0"/><counter type="CLASS" missed="1" covered="0"/></sourcefile><sourcefile name="JsonReaderFactory.java"/><sourcefile name="JsonReader.java"><line nr="144" mi="4" ci="0" mb="0" cb="0"/><counter type="INSTRUCTION" missed="4" covered="0"/><counter type="LINE" missed="1" covered="0"/><counter type="COMPLEXITY" missed="1" covered="0"/><counter type="METHOD" missed="1" covered="0"/><counter type="CLASS" missed="1" covered="0"/></sourcefile><sourcefile name="Json.java"><line nr="95" mi="4" ci="0" mb="0" cb="0"/><line nr="109" mi="4" ci="0" mb="0" cb="0"/><line nr="119" mi="4" ci="0" mb="0" cb="0"/><line nr="129" mi="4" ci="0" mb="0" cb="0"/><line nr="153" mi="4" ci="0" mb="0" cb="0"/><line nr="178" mi="4" ci="0" mb="0" cb="0"/><line nr="190" mi="4" ci="0" mb="0" cb="0"/><line nr="203" mi="4" ci="0" mb="0" cb="0"/><line nr="213" mi="4" ci="0" mb="0" cb="0"/><line nr="225" mi="4" ci="0" mb="0" cb="0"/><line nr="239" mi="4" ci="0" mb="0" cb="0"/><line nr="253" mi="4" ci="0" mb="0" cb="0"/><line nr="262" mi="0" ci="3" mb="0" cb="0"/><line nr="274" mi="4" ci="0" mb="0" cb="0"/><line nr="290" mi="4" ci="0" mb="0" cb="0"/><line nr="299" mi="0" ci="3" mb="0" cb="0"/><line nr="311" mi="4" ci="0" mb="0" cb="0"/><line nr="327" mi="4" ci="0" mb="0" cb="0"/><line nr="346" mi="4" ci="0" mb="0" cb="0"/><line nr="357" mi="3" ci="0" mb="0" cb="0"/><line nr="371" mi="4" ci="0" mb="0" cb="0"/><line nr="384" mi="4" ci="0" mb="0" cb="0"/><line nr="399" mi="5" ci="0" mb="0" cb="0"/><line nr="412" mi="4" ci="0" mb="0" cb="0"/><line nr="427" mi="5" ci="0" mb="0" cb="0"/><line nr="443" mi="4" ci="0" mb="0" cb="0"/><line nr="455" mi="4" ci="0" mb="0" cb="0"/><line nr="467" mi="4" ci="0" mb="0" cb="0"/><line nr="479" mi="4" ci="0" mb="0" cb="0"/><line nr="491" mi="4" ci="0" mb="0" cb="0"/><line nr="503" mi="4" ci="0" mb="0" cb="0"/><line nr="515" mi="4" ci="0" mb="0" cb="0"/><line nr="528" mi="8" ci="0" mb="0" cb="0"/><line nr="541" mi="8" ci="0" mb="0" cb="0"/><counter type="INSTRUCTION" missed="137" covered="6"/><counter type="LINE" missed="32" covered="2"/><counter type="COMPLEXITY" missed="32" covered="2"/><counter type="METHOD" missed="32" covered="2"/><counter type="CLASS" missed="0" covered="1"/></sourcefile><sourcefile name="JsonObjectBuilder.java"><line nr="281" mi="4" ci="0" mb="0" cb="0"/><line nr="294" mi="4" ci="0" mb="0" cb="0"/><counter type="INSTRUCTION" missed="8" covered="0"/><counter type="LINE" missed="2" covered="0"/><counter type="COMPLEXITY" missed="2" covered="0"/><counter type="METHOD" missed="2" covered="0"/><counter type="CLASS" missed="1" covered="0"/></sourcefile><counter type="INSTRUCTION" missed="458" covered="116"/><counter type="BRANCH" missed="8" covered="0"/><counter type="LINE" missed="112" covered="20"/><counter type="COMPLEXITY" missed="109" covered="7"/><counter type="METHOD" missed="105" covered="7"/><counter type="CLASS" missed="9" covered="6"/></package><counter type="INSTRUCTION" missed="3700" covered="3723"/><counter type="BRANCH" missed="348" covered="213"/><counter type="LINE" missed="868" covered="583"/><counter type="COMPLEXITY" missed="557" covered="211"/><counter type="METHOD" missed="337" covered="139"/><counter type="CLASS" missed="13" covered="31"/></report>